[32m2019-05-31 01:03:14,200 INFO [org.apereo.cas.configuration.DefaultCasConfigurationPropertiesSourceLocator] - <Configuration directory [/etc/cas/config] is not a directory or cannot be found at the specific path>[m
[32m2019-05-31 01:03:14,213 INFO [org.springframework.cloud.bootstrap.config.PropertySourceBootstrapConfiguration] - <Located property source: CompositePropertySource [name='casCompositePropertySource', propertySources=[PropertiesPropertySource {name='embeddedYamlOverriddenProperties'}]]>[m
[32m2019-05-31 01:03:14,219 INFO [org.apereo.cas.web.CasWebApplicationServletInitializer] - <The following profiles are active: standalone>[m
[33m2019-05-31 01:03:17,579 WARN [org.apereo.cas.config.CasCoreTicketsConfiguration] - <Runtime memory is used as the persistence storage for retrieving and managing tickets. Tickets that are issued during runtime will be LOST when the web server is restarted. This MAY impact SSO functionality.>[m
[32m2019-05-31 01:03:17,582 INFO [org.apereo.cas.util.CoreTicketUtils] - <Ticket registry encryption/signing is turned off. This MAY NOT be safe in a clustered production environment. Consider using other choices to handle encryption, signing and verification of ticket registry tickets, and verify the chosen ticket registry does support this behavior.>[m
[32m2019-05-31 01:03:22,097 INFO [org.apereo.cas.config.CasConfigurationSupportUtilitiesConfiguration] - <CAS is configured to NOT watch configuration directory [/etc/cas/config]. Changes require manual reloads/restarts.>[m
[33m2019-05-31 01:03:22,487 WARN [org.apereo.cas.config.support.authentication.AcceptUsersAuthenticationEventExecutionPlanConfiguration] - <[36m>[m
[33m2019-05-31 01:03:22,491 WARN [org.apereo.cas.config.support.authentication.AcceptUsersAuthenticationEventExecutionPlanConfiguration] - <

  ____    _____    ___    ____    _ 
 / ___|  |_   _|  / _ \  |  _ \  | |
 \___ \    | |   | | | | | |_) | | |
  ___) |   | |   | |_| | |  __/  |_|
 |____/    |_|    \___/  |_|     (_)
                                    

CAS is configured to accept a static list of credentials for authentication. While this is generally useful for demo purposes, it is STRONGLY recommended that you DISABLE this authentication method (by setting 'cas.authn.accept.users' to a blank value) and switch to a mode that is more suitable for production.>[m
[33m2019-05-31 01:03:22,491 WARN [org.apereo.cas.config.support.authentication.AcceptUsersAuthenticationEventExecutionPlanConfiguration] - <[0m>[m
[32m2019-05-31 01:03:26,896 INFO [org.apereo.cas.support.events.listener.CasConfigurationEventListener] - <Refreshing CAS configuration. Stand by...>[m
[32m2019-05-31 01:03:26,969 INFO [org.apereo.cas.services.CasServiceRegistryInitializerConfigurationEventListener] - <Refreshing CAS service registry configuration. Stand by...>[m
[33m2019-05-31 01:03:26,980 WARN [org.apereo.cas.config.CasCoreServicesConfiguration] - <Runtime memory is used as the persistence storage for retrieving and persisting service definitions. Changes that are made to service definitions during runtime WILL be LOST when the web server is restarted. Ideally for production, you need to choose a storage option (JDBC, etc) to store and track service definitions.>[m
[32m2019-05-31 01:03:26,997 INFO [org.apereo.cas.config.CasServiceRegistryInitializationConfiguration] - <Attempting to initialize the service registry [InMemoryServiceRegistry] from service definition resources found at [class path resource [services]]>[m
[33m2019-05-31 01:03:27,008 WARN [org.apereo.cas.services.ServiceRegistryInitializer] - <Service registry [InMemoryServiceRegistry] will be auto-initialized from JSON service definitions. This behavior is only useful for testing purposes and MAY NOT be appropriate for production. Consider turning off this behavior via the setting [cas.serviceRegistry.initFromJson=false] and explicitly register definitions in the services registry.>[m
[32m2019-05-31 01:03:27,350 INFO [org.apereo.cas.services.AbstractServicesManager] - <Loaded [2] service(s) from [InMemoryServiceRegistry].>[m
[32m2019-05-31 01:03:27,367 INFO [org.apereo.cas.services.AbstractServicesManager] - <Loaded [2] service(s) from [InMemoryServiceRegistry].>[m
[32m2019-05-31 01:03:27,368 INFO [org.apereo.cas.services.ServiceRegistryInitializer] - <Service registry [InMemoryServiceRegistry] contains [2] service definitions>[m
[33m2019-05-31 01:03:27,371 WARN [org.apereo.cas.services.ServiceRegistryInitializer] - <Service registry [InMemoryServiceRegistry] will be auto-initialized from JSON service definitions. This behavior is only useful for testing purposes and MAY NOT be appropriate for production. Consider turning off this behavior via the setting [cas.serviceRegistry.initFromJson=false] and explicitly register definitions in the services registry.>[m
[33m2019-05-31 01:03:27,373 WARN [org.apereo.cas.services.ServiceRegistryInitializer] - <Skipping [Apereo] JSON service definition as a matching service [Apereo] is found in the registry>[m
[33m2019-05-31 01:03:27,373 WARN [org.apereo.cas.services.ServiceRegistryInitializer] - <Skipping [HTTPS and IMAPS] JSON service definition as a matching service [HTTPS and IMAPS] is found in the registry>[m
[32m2019-05-31 01:03:27,373 INFO [org.apereo.cas.services.AbstractServicesManager] - <Loaded [2] service(s) from [InMemoryServiceRegistry].>[m
[32m2019-05-31 01:03:27,374 INFO [org.apereo.cas.services.ServiceRegistryInitializer] - <Service registry [InMemoryServiceRegistry] contains [2] service definitions>[m
[33m2019-05-31 01:03:28,599 WARN [org.apereo.cas.util.cipher.BaseStringCipherExecutor] - <Secret key for encryption is not defined for [Ticket-granting Cookie]; CAS will attempt to auto-generate the encryption key>[m
[33m2019-05-31 01:03:28,608 WARN [org.apereo.cas.util.cipher.BaseStringCipherExecutor] - <Generated encryption key [EgOy3lCWIpErY0iPyfXQBrj8zL9F9gWhfljl9H9CzB0] of size [256] for [Ticket-granting Cookie]. The generated key MUST be added to CAS settings under setting [cas.tgc.crypto.encryption.key].>[m
[33m2019-05-31 01:03:28,612 WARN [org.apereo.cas.util.cipher.BaseStringCipherExecutor] - <Secret key for signing is not defined for [Ticket-granting Cookie]. CAS will attempt to auto-generate the signing key>[m
[33m2019-05-31 01:03:28,612 WARN [org.apereo.cas.util.cipher.BaseStringCipherExecutor] - <Generated signing key [FX9yMxOdg7jvjfPPbP3GWKw1KStbbaVKq8gZfjUtLtP2o8LJtIUVgLEQQwmVWEolllvAvbOIdJoTv3chp_sDnQ] of size [512] for [Ticket-granting Cookie]. The generated key MUST be added to CAS settings under setting [cas.tgc.crypto.signing.key].>[m
[33m2019-05-31 01:03:29,179 WARN [org.apereo.cas.util.cipher.BaseBinaryCipherExecutor] - <Secret key for signing is not defined under [cas.webflow.crypto.signing.key]. CAS will attempt to auto-generate the signing key>[m
[33m2019-05-31 01:03:29,179 WARN [org.apereo.cas.util.cipher.BaseBinaryCipherExecutor] - <Generated signing key [7_R6Bp9Bxh2ReQJqwf80gP1nlXetPZXCS2BjMJytHXBRZxtvemKKFKKprN3-DDpOTgrIR5vU0jqCM1iLa0lUiQ] of size [512]. The generated key MUST be added to CAS settings under setting [cas.webflow.crypto.signing.key].>[m
[33m2019-05-31 01:03:29,180 WARN [org.apereo.cas.util.cipher.BaseBinaryCipherExecutor] - <Secret key for encryption is not defined under [cas.webflow.crypto.encryption.key]. CAS will attempt to auto-generate the encryption key>[m
[33m2019-05-31 01:03:29,188 WARN [org.apereo.cas.util.cipher.BaseBinaryCipherExecutor] - <Generated encryption key [M1JZKgtBkak1nfZE8cZjJA] of size [16]. The generated key MUST be added to CAS settings under setting [cas.webflow.crypto.encryption.key].>[m
[32m2019-05-31 01:03:29,320 INFO [org.apereo.cas.support.events.listener.DefaultCasEventListener] - <[36m>[m
[32m2019-05-31 01:03:29,322 INFO [org.apereo.cas.support.events.listener.DefaultCasEventListener] - <

  ____    _____      _      ____   __   __
 |  _ \  | ____|    / \    |  _ \  \ \ / /
 | |_) | |  _|     / _ \   | | | |  \ V / 
 |  _ <  | |___   / ___ \  | |_| |   | |  
 |_| \_\ |_____| /_/   \_\ |____/    |_|  
                                          
>[m
[32m2019-05-31 01:03:29,323 INFO [org.apereo.cas.support.events.listener.DefaultCasEventListener] - <[0m>[m
[32m2019-05-31 01:03:29,323 INFO [org.apereo.cas.support.events.listener.DefaultCasEventListener] - <Ready to process requests @ [2019-05-30T17:03:29.320Z]>[m
[32m2019-05-31 01:03:29,324 INFO [org.apereo.cas.web.CasWebApplicationServletInitializer] - <Started CasWebApplicationServletInitializer in 18.944 seconds (JVM running for 11978.368)>[m
[32m2019-05-31 01:03:49,312 INFO [org.apereo.cas.services.AbstractServicesManager] - <Loaded [2] service(s) from [InMemoryServiceRegistry].>[m
