[32m2019-05-31 01:04:06,114 INFO [org.apereo.cas.configuration.DefaultCasConfigurationPropertiesSourceLocator] - <Configuration directory [/etc/cas/config] is not a directory or cannot be found at the specific path>[m
[32m2019-05-31 01:04:06,126 INFO [org.springframework.cloud.bootstrap.config.PropertySourceBootstrapConfiguration] - <Located property source: CompositePropertySource [name='casCompositePropertySource', propertySources=[PropertiesPropertySource {name='embeddedYamlOverriddenProperties'}]]>[m
[32m2019-05-31 01:04:06,136 INFO [org.apereo.cas.web.CasWebApplicationServletInitializer] - <The following profiles are active: standalone>[m
[33m2019-05-31 01:04:09,409 WARN [org.apereo.cas.config.CasCoreTicketsConfiguration] - <Runtime memory is used as the persistence storage for retrieving and managing tickets. Tickets that are issued during runtime will be LOST when the web server is restarted. This MAY impact SSO functionality.>[m
[32m2019-05-31 01:04:09,412 INFO [org.apereo.cas.util.CoreTicketUtils] - <Ticket registry encryption/signing is turned off. This MAY NOT be safe in a clustered production environment. Consider using other choices to handle encryption, signing and verification of ticket registry tickets, and verify the chosen ticket registry does support this behavior.>[m
[32m2019-05-31 01:04:16,043 INFO [org.apereo.cas.config.CasConfigurationSupportUtilitiesConfiguration] - <CAS is configured to NOT watch configuration directory [/etc/cas/config]. Changes require manual reloads/restarts.>[m
[33m2019-05-31 01:04:16,817 WARN [org.apereo.cas.config.support.authentication.AcceptUsersAuthenticationEventExecutionPlanConfiguration] - <[36m>[m
[33m2019-05-31 01:04:16,822 WARN [org.apereo.cas.config.support.authentication.AcceptUsersAuthenticationEventExecutionPlanConfiguration] - <

  ____    _____    ___    ____    _ 
 / ___|  |_   _|  / _ \  |  _ \  | |
 \___ \    | |   | | | | | |_) | | |
  ___) |   | |   | |_| | |  __/  |_|
 |____/    |_|    \___/  |_|     (_)
                                    

CAS is configured to accept a static list of credentials for authentication. While this is generally useful for demo purposes, it is STRONGLY recommended that you DISABLE this authentication method (by setting 'cas.authn.accept.users' to a blank value) and switch to a mode that is more suitable for production.>[m
[33m2019-05-31 01:04:16,823 WARN [org.apereo.cas.config.support.authentication.AcceptUsersAuthenticationEventExecutionPlanConfiguration] - <[0m>[m
[32m2019-05-31 01:04:24,645 INFO [org.apereo.cas.support.events.listener.CasConfigurationEventListener] - <Refreshing CAS configuration. Stand by...>[m
[32m2019-05-31 01:04:24,750 INFO [org.apereo.cas.services.CasServiceRegistryInitializerConfigurationEventListener] - <Refreshing CAS service registry configuration. Stand by...>[m
[33m2019-05-31 01:04:24,762 WARN [org.apereo.cas.config.CasCoreServicesConfiguration] - <Runtime memory is used as the persistence storage for retrieving and persisting service definitions. Changes that are made to service definitions during runtime WILL be LOST when the web server is restarted. Ideally for production, you need to choose a storage option (JDBC, etc) to store and track service definitions.>[m
[32m2019-05-31 01:04:24,789 INFO [org.apereo.cas.config.CasServiceRegistryInitializationConfiguration] - <Attempting to initialize the service registry [InMemoryServiceRegistry] from service definition resources found at [class path resource [services]]>[m
[33m2019-05-31 01:04:24,797 WARN [org.apereo.cas.services.ServiceRegistryInitializer] - <Service registry [InMemoryServiceRegistry] will be auto-initialized from JSON service definitions. This behavior is only useful for testing purposes and MAY NOT be appropriate for production. Consider turning off this behavior via the setting [cas.serviceRegistry.initFromJson=false] and explicitly register definitions in the services registry.>[m
[32m2019-05-31 01:04:25,373 INFO [org.apereo.cas.services.AbstractServicesManager] - <Loaded [2] service(s) from [InMemoryServiceRegistry].>[m
[32m2019-05-31 01:04:25,402 INFO [org.apereo.cas.services.AbstractServicesManager] - <Loaded [2] service(s) from [InMemoryServiceRegistry].>[m
[32m2019-05-31 01:04:25,402 INFO [org.apereo.cas.services.ServiceRegistryInitializer] - <Service registry [InMemoryServiceRegistry] contains [2] service definitions>[m
[33m2019-05-31 01:04:25,407 WARN [org.apereo.cas.services.ServiceRegistryInitializer] - <Service registry [InMemoryServiceRegistry] will be auto-initialized from JSON service definitions. This behavior is only useful for testing purposes and MAY NOT be appropriate for production. Consider turning off this behavior via the setting [cas.serviceRegistry.initFromJson=false] and explicitly register definitions in the services registry.>[m
[33m2019-05-31 01:04:25,411 WARN [org.apereo.cas.services.ServiceRegistryInitializer] - <Skipping [Apereo] JSON service definition as a matching service [Apereo] is found in the registry>[m
[33m2019-05-31 01:04:25,411 WARN [org.apereo.cas.services.ServiceRegistryInitializer] - <Skipping [HTTPS and IMAPS] JSON service definition as a matching service [HTTPS and IMAPS] is found in the registry>[m
[32m2019-05-31 01:04:25,412 INFO [org.apereo.cas.services.AbstractServicesManager] - <Loaded [2] service(s) from [InMemoryServiceRegistry].>[m
[32m2019-05-31 01:04:25,413 INFO [org.apereo.cas.services.ServiceRegistryInitializer] - <Service registry [InMemoryServiceRegistry] contains [2] service definitions>[m
[33m2019-05-31 01:04:27,320 WARN [org.apereo.cas.util.cipher.BaseStringCipherExecutor] - <Secret key for encryption is not defined for [Ticket-granting Cookie]; CAS will attempt to auto-generate the encryption key>[m
[33m2019-05-31 01:04:27,335 WARN [org.apereo.cas.util.cipher.BaseStringCipherExecutor] - <Generated encryption key [ahiMH7o3Hd0pm26Jsz2BB-cXEVGvWJ_XxYIHvckAnnM] of size [256] for [Ticket-granting Cookie]. The generated key MUST be added to CAS settings under setting [cas.tgc.crypto.encryption.key].>[m
[33m2019-05-31 01:04:27,341 WARN [org.apereo.cas.util.cipher.BaseStringCipherExecutor] - <Secret key for signing is not defined for [Ticket-granting Cookie]. CAS will attempt to auto-generate the signing key>[m
[33m2019-05-31 01:04:27,342 WARN [org.apereo.cas.util.cipher.BaseStringCipherExecutor] - <Generated signing key [vRv2Bn7kScnLalmUOHbQskP-2KWSuNEUBAsRmOPgy42kt-dO0Xu_saZrfm5L34TUhqsUNx0m8mZAwNyy_aFnBw] of size [512] for [Ticket-granting Cookie]. The generated key MUST be added to CAS settings under setting [cas.tgc.crypto.signing.key].>[m
[33m2019-05-31 01:04:28,287 WARN [org.apereo.cas.util.cipher.BaseBinaryCipherExecutor] - <Secret key for signing is not defined under [cas.webflow.crypto.signing.key]. CAS will attempt to auto-generate the signing key>[m
[33m2019-05-31 01:04:28,288 WARN [org.apereo.cas.util.cipher.BaseBinaryCipherExecutor] - <Generated signing key [qyC7AE0fEZpqqVRzCgoZ5342jftbD1pxrMIHDa5Km50RF8k2nWsBU-mdNi283Mbg9oJtjbPW63LDp32QUF3ifw] of size [512]. The generated key MUST be added to CAS settings under setting [cas.webflow.crypto.signing.key].>[m
[33m2019-05-31 01:04:28,288 WARN [org.apereo.cas.util.cipher.BaseBinaryCipherExecutor] - <Secret key for encryption is not defined under [cas.webflow.crypto.encryption.key]. CAS will attempt to auto-generate the encryption key>[m
[33m2019-05-31 01:04:28,292 WARN [org.apereo.cas.util.cipher.BaseBinaryCipherExecutor] - <Generated encryption key [yiyinS4H8RlGWZBOpm-5QQ] of size [16]. The generated key MUST be added to CAS settings under setting [cas.webflow.crypto.encryption.key].>[m
[32m2019-05-31 01:04:28,507 INFO [org.apereo.cas.support.events.listener.DefaultCasEventListener] - <[36m>[m
[32m2019-05-31 01:04:28,509 INFO [org.apereo.cas.support.events.listener.DefaultCasEventListener] - <

  ____    _____      _      ____   __   __
 |  _ \  | ____|    / \    |  _ \  \ \ / /
 | |_) | |  _|     / _ \   | | | |  \ V / 
 |  _ <  | |___   / ___ \  | |_| |   | |  
 |_| \_\ |_____| /_/   \_\ |____/    |_|  
                                          
>[m
[32m2019-05-31 01:04:28,510 INFO [org.apereo.cas.support.events.listener.DefaultCasEventListener] - <[0m>[m
[32m2019-05-31 01:04:28,510 INFO [org.apereo.cas.support.events.listener.DefaultCasEventListener] - <Ready to process requests @ [2019-05-30T17:04:28.506Z]>[m
[32m2019-05-31 01:04:28,512 INFO [org.apereo.cas.web.CasWebApplicationServletInitializer] - <Started CasWebApplicationServletInitializer in 25.608 seconds (JVM running for 34.882)>[m
[32m2019-05-31 01:04:33,844 INFO [org.apereo.cas.web.flow.login.InitialFlowSetupAction] - <Setting path for cookies for warn cookie generator to: [/cas/] >[m
[32m2019-05-31 01:04:33,844 INFO [org.apereo.cas.web.flow.login.InitialFlowSetupAction] - <Setting path for cookies for warn cookie generator to: [/cas/] >[m
[32m2019-05-31 01:04:33,893 INFO [org.apereo.inspektr.audit.support.Slf4jLoggingAuditTrailManager] - <Audit trail record BEGIN
=============================================================
WHO: audit:unknown
WHAT: [event=success,timestamp=Fri May 31 01:04:33 CST 2019,source=RankedAuthenticationProviderWebflowEventResolver]
ACTION: AUTHENTICATION_EVENT_TRIGGERED
APPLICATION: CAS
WHEN: Fri May 31 01:04:33 CST 2019
CLIENT IP ADDRESS: 0:0:0:0:0:0:0:1
SERVER IP ADDRESS: 0:0:0:0:0:0:0:1
=============================================================

>[m
[32m2019-05-31 01:04:33,893 INFO [org.apereo.inspektr.audit.support.Slf4jLoggingAuditTrailManager] - <Audit trail record BEGIN
=============================================================
WHO: audit:unknown
WHAT: [event=success,timestamp=Fri May 31 01:04:33 CST 2019,source=RankedAuthenticationProviderWebflowEventResolver]
ACTION: AUTHENTICATION_EVENT_TRIGGERED
APPLICATION: CAS
WHEN: Fri May 31 01:04:33 CST 2019
CLIENT IP ADDRESS: 0:0:0:0:0:0:0:1
SERVER IP ADDRESS: 0:0:0:0:0:0:0:1
=============================================================

>[m
[32m2019-05-31 01:04:41,996 INFO [org.apereo.cas.authentication.PolicyBasedAuthenticationManager] - <Authenticated principal [admin] with attributes [{}] via credentials [[UsernamePasswordCredential(username=admin)]].>[m
[32m2019-05-31 01:04:41,999 INFO [org.apereo.inspektr.audit.support.Slf4jLoggingAuditTrailManager] - <Audit trail record BEGIN
=============================================================
WHO: admin
WHAT: Supplied credentials: [UsernamePasswordCredential(username=admin)]
ACTION: AUTHENTICATION_SUCCESS
APPLICATION: CAS
WHEN: Fri May 31 01:04:41 CST 2019
CLIENT IP ADDRESS: 0:0:0:0:0:0:0:1
SERVER IP ADDRESS: 0:0:0:0:0:0:0:1
=============================================================

>[m
[32m2019-05-31 01:04:41,999 INFO [org.apereo.inspektr.audit.support.Slf4jLoggingAuditTrailManager] - <Audit trail record BEGIN
=============================================================
WHO: admin
WHAT: Supplied credentials: [UsernamePasswordCredential(username=admin)]
ACTION: AUTHENTICATION_SUCCESS
APPLICATION: CAS
WHEN: Fri May 31 01:04:41 CST 2019
CLIENT IP ADDRESS: 0:0:0:0:0:0:0:1
SERVER IP ADDRESS: 0:0:0:0:0:0:0:1
=============================================================

>[m
[32m2019-05-31 01:04:42,144 INFO [org.apereo.inspektr.audit.support.Slf4jLoggingAuditTrailManager] - <Audit trail record BEGIN
=============================================================
WHO: admin
WHAT: TGT-1-********************************************************y6Z3uZVl-G8MacBookProOfDreamLi
ACTION: TICKET_GRANTING_TICKET_CREATED
APPLICATION: CAS
WHEN: Fri May 31 01:04:42 CST 2019
CLIENT IP ADDRESS: 0:0:0:0:0:0:0:1
SERVER IP ADDRESS: 0:0:0:0:0:0:0:1
=============================================================

>[m
[32m2019-05-31 01:04:42,144 INFO [org.apereo.inspektr.audit.support.Slf4jLoggingAuditTrailManager] - <Audit trail record BEGIN
=============================================================
WHO: admin
WHAT: TGT-1-********************************************************y6Z3uZVl-G8MacBookProOfDreamLi
ACTION: TICKET_GRANTING_TICKET_CREATED
APPLICATION: CAS
WHEN: Fri May 31 01:04:42 CST 2019
CLIENT IP ADDRESS: 0:0:0:0:0:0:0:1
SERVER IP ADDRESS: 0:0:0:0:0:0:0:1
=============================================================

>[m
[32m2019-05-31 01:04:44,252 INFO [org.apereo.cas.logout.DefaultLogoutManager] - <Performing logout operations for [TGT-1-********************************************************y6Z3uZVl-G8MacBookProOfDreamLi]>[m
[32m2019-05-31 01:04:44,262 INFO [org.apereo.cas.logout.DefaultLogoutManager] - <[0] logout requests were processed>[m
[32m2019-05-31 01:04:44,270 INFO [org.apereo.inspektr.audit.support.Slf4jLoggingAuditTrailManager] - <Audit trail record BEGIN
=============================================================
WHO: admin
WHAT: TGT-1-********************************************************y6Z3uZVl-G8MacBookProOfDreamLi
ACTION: TICKET_GRANTING_TICKET_DESTROYED
APPLICATION: CAS
WHEN: Fri May 31 01:04:44 CST 2019
CLIENT IP ADDRESS: 0:0:0:0:0:0:0:1
SERVER IP ADDRESS: 0:0:0:0:0:0:0:1
=============================================================

>[m
[32m2019-05-31 01:04:44,270 INFO [org.apereo.inspektr.audit.support.Slf4jLoggingAuditTrailManager] - <Audit trail record BEGIN
=============================================================
WHO: admin
WHAT: TGT-1-********************************************************y6Z3uZVl-G8MacBookProOfDreamLi
ACTION: TICKET_GRANTING_TICKET_DESTROYED
APPLICATION: CAS
WHEN: Fri May 31 01:04:44 CST 2019
CLIENT IP ADDRESS: 0:0:0:0:0:0:0:1
SERVER IP ADDRESS: 0:0:0:0:0:0:0:1
=============================================================

>[m
[32m2019-05-31 01:04:48,494 INFO [org.apereo.cas.services.AbstractServicesManager] - <Loaded [2] service(s) from [InMemoryServiceRegistry].>[m
[32m2019-05-31 01:04:51,553 INFO [org.apereo.inspektr.audit.support.Slf4jLoggingAuditTrailManager] - <Audit trail record BEGIN
=============================================================
WHO: audit:unknown
WHAT: [event=success,timestamp=Fri May 31 01:04:51 CST 2019,source=RankedAuthenticationProviderWebflowEventResolver]
ACTION: AUTHENTICATION_EVENT_TRIGGERED
APPLICATION: CAS
WHEN: Fri May 31 01:04:51 CST 2019
CLIENT IP ADDRESS: 0:0:0:0:0:0:0:1
SERVER IP ADDRESS: 0:0:0:0:0:0:0:1
=============================================================

>[m
[32m2019-05-31 01:04:51,553 INFO [org.apereo.inspektr.audit.support.Slf4jLoggingAuditTrailManager] - <Audit trail record BEGIN
=============================================================
WHO: audit:unknown
WHAT: [event=success,timestamp=Fri May 31 01:04:51 CST 2019,source=RankedAuthenticationProviderWebflowEventResolver]
ACTION: AUTHENTICATION_EVENT_TRIGGERED
APPLICATION: CAS
WHEN: Fri May 31 01:04:51 CST 2019
CLIENT IP ADDRESS: 0:0:0:0:0:0:0:1
SERVER IP ADDRESS: 0:0:0:0:0:0:0:1
=============================================================

>[m
[32m2019-05-31 01:04:57,079 INFO [org.apereo.cas.authentication.PolicyBasedAuthenticationManager] - <Authenticated principal [admin] with attributes [{}] via credentials [[UsernamePasswordCredential(username=admin)]].>[m
[32m2019-05-31 01:04:57,080 INFO [org.apereo.inspektr.audit.support.Slf4jLoggingAuditTrailManager] - <Audit trail record BEGIN
=============================================================
WHO: admin
WHAT: Supplied credentials: [UsernamePasswordCredential(username=admin)]
ACTION: AUTHENTICATION_SUCCESS
APPLICATION: CAS
WHEN: Fri May 31 01:04:57 CST 2019
CLIENT IP ADDRESS: 0:0:0:0:0:0:0:1
SERVER IP ADDRESS: 0:0:0:0:0:0:0:1
=============================================================

>[m
[32m2019-05-31 01:04:57,080 INFO [org.apereo.inspektr.audit.support.Slf4jLoggingAuditTrailManager] - <Audit trail record BEGIN
=============================================================
WHO: admin
WHAT: Supplied credentials: [UsernamePasswordCredential(username=admin)]
ACTION: AUTHENTICATION_SUCCESS
APPLICATION: CAS
WHEN: Fri May 31 01:04:57 CST 2019
CLIENT IP ADDRESS: 0:0:0:0:0:0:0:1
SERVER IP ADDRESS: 0:0:0:0:0:0:0:1
=============================================================

>[m
[32m2019-05-31 01:04:57,094 INFO [org.apereo.inspektr.audit.support.Slf4jLoggingAuditTrailManager] - <Audit trail record BEGIN
=============================================================
WHO: admin
WHAT: [result=Service Access Granted,service=http://localhost:80/,principal=SimplePrincipal(id=admin, attributes={}),requiredAttributes={}]
ACTION: SERVICE_ACCESS_ENFORCEMENT_TRIGGERED
APPLICATION: CAS
WHEN: Fri May 31 01:04:57 CST 2019
CLIENT IP ADDRESS: 0:0:0:0:0:0:0:1
SERVER IP ADDRESS: 0:0:0:0:0:0:0:1
=============================================================

>[m
[32m2019-05-31 01:04:57,094 INFO [org.apereo.inspektr.audit.support.Slf4jLoggingAuditTrailManager] - <Audit trail record BEGIN
=============================================================
WHO: admin
WHAT: [result=Service Access Granted,service=http://localhost:80/,principal=SimplePrincipal(id=admin, attributes={}),requiredAttributes={}]
ACTION: SERVICE_ACCESS_ENFORCEMENT_TRIGGERED
APPLICATION: CAS
WHEN: Fri May 31 01:04:57 CST 2019
CLIENT IP ADDRESS: 0:0:0:0:0:0:0:1
SERVER IP ADDRESS: 0:0:0:0:0:0:0:1
=============================================================

>[m
[32m2019-05-31 01:04:57,098 INFO [org.apereo.inspektr.audit.support.Slf4jLoggingAuditTrailManager] - <Audit trail record BEGIN
=============================================================
WHO: admin
WHAT: [result=Service Access Granted,service=http://localhost:80/,principal=SimplePrincipal(id=admin, attributes={}),requiredAttributes={}]
ACTION: SERVICE_ACCESS_ENFORCEMENT_TRIGGERED
APPLICATION: CAS
WHEN: Fri May 31 01:04:57 CST 2019
CLIENT IP ADDRESS: 0:0:0:0:0:0:0:1
SERVER IP ADDRESS: 0:0:0:0:0:0:0:1
=============================================================

>[m
[32m2019-05-31 01:04:57,098 INFO [org.apereo.inspektr.audit.support.Slf4jLoggingAuditTrailManager] - <Audit trail record BEGIN
=============================================================
WHO: admin
WHAT: [result=Service Access Granted,service=http://localhost:80/,principal=SimplePrincipal(id=admin, attributes={}),requiredAttributes={}]
ACTION: SERVICE_ACCESS_ENFORCEMENT_TRIGGERED
APPLICATION: CAS
WHEN: Fri May 31 01:04:57 CST 2019
CLIENT IP ADDRESS: 0:0:0:0:0:0:0:1
SERVER IP ADDRESS: 0:0:0:0:0:0:0:1
=============================================================

>[m
[32m2019-05-31 01:04:57,100 INFO [org.apereo.inspektr.audit.support.Slf4jLoggingAuditTrailManager] - <Audit trail record BEGIN
=============================================================
WHO: admin
WHAT: TGT-2-********************************************************Hoa3uXW3S9wMacBookProOfDreamLi
ACTION: TICKET_GRANTING_TICKET_CREATED
APPLICATION: CAS
WHEN: Fri May 31 01:04:57 CST 2019
CLIENT IP ADDRESS: 0:0:0:0:0:0:0:1
SERVER IP ADDRESS: 0:0:0:0:0:0:0:1
=============================================================

>[m
[32m2019-05-31 01:04:57,100 INFO [org.apereo.inspektr.audit.support.Slf4jLoggingAuditTrailManager] - <Audit trail record BEGIN
=============================================================
WHO: admin
WHAT: TGT-2-********************************************************Hoa3uXW3S9wMacBookProOfDreamLi
ACTION: TICKET_GRANTING_TICKET_CREATED
APPLICATION: CAS
WHEN: Fri May 31 01:04:57 CST 2019
CLIENT IP ADDRESS: 0:0:0:0:0:0:0:1
SERVER IP ADDRESS: 0:0:0:0:0:0:0:1
=============================================================

>[m
[32m2019-05-31 01:04:57,109 INFO [org.apereo.inspektr.audit.support.Slf4jLoggingAuditTrailManager] - <Audit trail record BEGIN
=============================================================
WHO: admin
WHAT: [result=Service Access Granted,service=http://localhost:80/,requiredAttributes={}]
ACTION: SERVICE_ACCESS_ENFORCEMENT_TRIGGERED
APPLICATION: CAS
WHEN: Fri May 31 01:04:57 CST 2019
CLIENT IP ADDRESS: 0:0:0:0:0:0:0:1
SERVER IP ADDRESS: 0:0:0:0:0:0:0:1
=============================================================

>[m
[32m2019-05-31 01:04:57,109 INFO [org.apereo.inspektr.audit.support.Slf4jLoggingAuditTrailManager] - <Audit trail record BEGIN
=============================================================
WHO: admin
WHAT: [result=Service Access Granted,service=http://localhost:80/,requiredAttributes={}]
ACTION: SERVICE_ACCESS_ENFORCEMENT_TRIGGERED
APPLICATION: CAS
WHEN: Fri May 31 01:04:57 CST 2019
CLIENT IP ADDRESS: 0:0:0:0:0:0:0:1
SERVER IP ADDRESS: 0:0:0:0:0:0:0:1
=============================================================

>[m
[32m2019-05-31 01:04:57,131 INFO [org.apereo.cas.DefaultCentralAuthenticationService] - <Granted ticket [ST-1-NLlgMzVJEHUHFxQG1-SnTVWkGFUMacBookProOfDreamLi] for service [http://localhost:80/] and principal [admin]>[m
[32m2019-05-31 01:04:57,133 INFO [org.apereo.inspektr.audit.support.Slf4jLoggingAuditTrailManager] - <Audit trail record BEGIN
=============================================================
WHO: admin
WHAT: ST-1-NLlgMzVJEHUHFxQG1-SnTVWkGFUMacBookProOfDreamLi for http://localhost:80/
ACTION: SERVICE_TICKET_CREATED
APPLICATION: CAS
WHEN: Fri May 31 01:04:57 CST 2019
CLIENT IP ADDRESS: 0:0:0:0:0:0:0:1
SERVER IP ADDRESS: 0:0:0:0:0:0:0:1
=============================================================

>[m
[32m2019-05-31 01:04:57,133 INFO [org.apereo.inspektr.audit.support.Slf4jLoggingAuditTrailManager] - <Audit trail record BEGIN
=============================================================
WHO: admin
WHAT: ST-1-NLlgMzVJEHUHFxQG1-SnTVWkGFUMacBookProOfDreamLi for http://localhost:80/
ACTION: SERVICE_TICKET_CREATED
APPLICATION: CAS
WHEN: Fri May 31 01:04:57 CST 2019
CLIENT IP ADDRESS: 0:0:0:0:0:0:0:1
SERVER IP ADDRESS: 0:0:0:0:0:0:0:1
=============================================================

>[m
[32m2019-05-31 01:04:57,206 INFO [org.apereo.inspektr.audit.support.Slf4jLoggingAuditTrailManager] - <Audit trail record BEGIN
=============================================================
WHO: audit:unknown
WHAT: [result=Service Access Granted,service=http://localhost:80/,principal=SimplePrincipal(id=admin, attributes={}),requiredAttributes={}]
ACTION: SERVICE_ACCESS_ENFORCEMENT_TRIGGERED
APPLICATION: CAS
WHEN: Fri May 31 01:04:57 CST 2019
CLIENT IP ADDRESS: 127.0.0.1
SERVER IP ADDRESS: 127.0.0.1
=============================================================

>[m
[32m2019-05-31 01:04:57,206 INFO [org.apereo.inspektr.audit.support.Slf4jLoggingAuditTrailManager] - <Audit trail record BEGIN
=============================================================
WHO: audit:unknown
WHAT: [result=Service Access Granted,service=http://localhost:80/,principal=SimplePrincipal(id=admin, attributes={}),requiredAttributes={}]
ACTION: SERVICE_ACCESS_ENFORCEMENT_TRIGGERED
APPLICATION: CAS
WHEN: Fri May 31 01:04:57 CST 2019
CLIENT IP ADDRESS: 127.0.0.1
SERVER IP ADDRESS: 127.0.0.1
=============================================================

>[m
[32m2019-05-31 01:04:57,213 INFO [org.apereo.inspektr.audit.support.Slf4jLoggingAuditTrailManager] - <Audit trail record BEGIN
=============================================================
WHO: admin
WHAT: ST-1-NLlgMzVJEHUHFxQG1-SnTVWkGFUMacBookProOfDreamLi
ACTION: SERVICE_TICKET_VALIDATED
APPLICATION: CAS
WHEN: Fri May 31 01:04:57 CST 2019
CLIENT IP ADDRESS: 127.0.0.1
SERVER IP ADDRESS: 127.0.0.1
=============================================================

>[m
[32m2019-05-31 01:04:57,213 INFO [org.apereo.inspektr.audit.support.Slf4jLoggingAuditTrailManager] - <Audit trail record BEGIN
=============================================================
WHO: admin
WHAT: ST-1-NLlgMzVJEHUHFxQG1-SnTVWkGFUMacBookProOfDreamLi
ACTION: SERVICE_TICKET_VALIDATED
APPLICATION: CAS
WHEN: Fri May 31 01:04:57 CST 2019
CLIENT IP ADDRESS: 127.0.0.1
SERVER IP ADDRESS: 127.0.0.1
=============================================================

>[m
[32m2019-05-31 01:04:58,503 INFO [org.apereo.cas.ticket.registry.DefaultTicketRegistryCleaner] - <[0] expired tickets removed.>[m
[32m2019-05-31 01:05:48,496 INFO [org.apereo.cas.services.AbstractServicesManager] - <Loaded [2] service(s) from [InMemoryServiceRegistry].>[m
[32m2019-05-31 01:06:48,499 INFO [org.apereo.cas.services.AbstractServicesManager] - <Loaded [2] service(s) from [InMemoryServiceRegistry].>[m
[32m2019-05-31 01:06:58,507 INFO [org.apereo.cas.ticket.registry.DefaultTicketRegistryCleaner] - <[0] expired tickets removed.>[m
[32m2019-05-31 01:07:48,505 INFO [org.apereo.cas.services.AbstractServicesManager] - <Loaded [2] service(s) from [InMemoryServiceRegistry].>[m
