type=GAUGE, name=jvm.fd.usage, value=0.00966796875
type=GAUGE, name=jvm.gc.PS-MarkSweep.count, value=3
type=GAUGE, name=jvm.gc.PS-MarkSweep.time, value=396
type=GAUGE, name=jvm.gc.PS-Scavenge.count, value=22
type=GAUGE, name=jvm.gc.PS-Scavenge.time, value=475
type=GAUGE, name=jvm.memory.heap.committed, value=1638400000
type=GAUGE, name=jvm.memory.heap.init, value=268435456
type=GAUGE, name=jvm.memory.heap.max, value=3817865216
type=GAUGE, name=jvm.memory.heap.usage, value=0.3425461586541247
type=GAUGE, name=jvm.memory.heap.used, value=1307795064
type=GAUGE, name=jvm.memory.non-heap.committed, value=127401984
type=GAUGE, name=jvm.memory.non-heap.init, value=2555904
type=GAUGE, name=jvm.memory.non-heap.max, value=-1
type=GAUGE, name=jvm.memory.non-heap.usage, value=-1.2406048E8
type=GAUGE, name=jvm.memory.non-heap.used, value=124060544
type=GAUGE, name=jvm.memory.pools.Code-Cache.committed, value=33554432
type=GAUGE, name=jvm.memory.pools.Code-Cache.init, value=2555904
type=GAUGE, name=jvm.memory.pools.Code-Cache.max, value=251658240
type=GAUGE, name=jvm.memory.pools.Code-Cache.usage, value=0.1314801534016927
type=GAUGE, name=jvm.memory.pools.Code-Cache.used, value=33088064
type=GAUGE, name=jvm.memory.pools.Compressed-Class-Space.committed, value=10747904
type=GAUGE, name=jvm.memory.pools.Compressed-Class-Space.init, value=0
type=GAUGE, name=jvm.memory.pools.Compressed-Class-Space.max, value=1073741824
type=GAUGE, name=jvm.memory.pools.Compressed-Class-Space.usage, value=0.009445592761039734
type=GAUGE, name=jvm.memory.pools.Compressed-Class-Space.used, value=10142128
type=GAUGE, name=jvm.memory.pools.Metaspace.committed, value=83099648
type=GAUGE, name=jvm.memory.pools.Metaspace.init, value=0
type=GAUGE, name=jvm.memory.pools.Metaspace.max, value=-1
type=GAUGE, name=jvm.memory.pools.Metaspace.usage, value=0.9727338435898067
type=GAUGE, name=jvm.memory.pools.Metaspace.used, value=80833840
type=GAUGE, name=jvm.memory.pools.PS-Eden-Space.committed, value=1307574272
type=GAUGE, name=jvm.memory.pools.PS-Eden-Space.init, value=67108864
type=GAUGE, name=jvm.memory.pools.PS-Eden-Space.max, value=1312292864
type=GAUGE, name=jvm.memory.pools.PS-Eden-Space.usage, value=0.9075825318211895
type=GAUGE, name=jvm.memory.pools.PS-Eden-Space.used, value=1191014080
type=GAUGE, name=jvm.memory.pools.PS-Eden-Space.used-after-gc, value=0
type=GAUGE, name=jvm.memory.pools.PS-Old-Gen.committed, value=273678336
type=GAUGE, name=jvm.memory.pools.PS-Old-Gen.init, value=179306496
type=GAUGE, name=jvm.memory.pools.PS-Old-Gen.max, value=2863661056
type=GAUGE, name=jvm.memory.pools.PS-Old-Gen.usage, value=0.02321531448727429
type=GAUGE, name=jvm.memory.pools.PS-Old-Gen.used, value=66480792
type=GAUGE, name=jvm.memory.pools.PS-Old-Gen.used-after-gc, value=66448024
type=GAUGE, name=jvm.memory.pools.PS-Survivor-Space.committed, value=57147392
type=GAUGE, name=jvm.memory.pools.PS-Survivor-Space.init, value=11010048
type=GAUGE, name=jvm.memory.pools.PS-Survivor-Space.max, value=57147392
type=GAUGE, name=jvm.memory.pools.PS-Survivor-Space.usage, value=0.8801835086367545
type=GAUGE, name=jvm.memory.pools.PS-Survivor-Space.used, value=50300192
type=GAUGE, name=jvm.memory.pools.PS-Survivor-Space.used-after-gc, value=50300192
type=GAUGE, name=jvm.memory.total.committed, value=1765801984
type=GAUGE, name=jvm.memory.total.init, value=270991360
type=GAUGE, name=jvm.memory.total.max, value=3817865215
type=GAUGE, name=jvm.memory.total.used, value=1431869120
type=GAUGE, name=thread-states.blocked.count, value=0
type=GAUGE, name=thread-states.count, value=48
type=GAUGE, name=thread-states.daemon.count, value=41
type=GAUGE, name=thread-states.deadlock.count, value=0
type=GAUGE, name=thread-states.deadlocks, value=[]
type=GAUGE, name=thread-states.new.count, value=0
type=GAUGE, name=thread-states.runnable.count, value=12
type=GAUGE, name=thread-states.terminated.count, value=0
type=GAUGE, name=thread-states.timed_waiting.count, value=11
type=GAUGE, name=thread-states.waiting.count, value=25
type=COUNTER, name=org.apereo.cas.DefaultCentralAuthenticationService.CREATE_PROXY_GRANTING_TICKET_COUNTER, count=0
type=COUNTER, name=org.apereo.cas.DefaultCentralAuthenticationService.CREATE_TICKET_GRANTING_TICKET_COUNTER, count=0
type=COUNTER, name=org.apereo.cas.DefaultCentralAuthenticationService.DELETE_TICKET_COUNTER, count=0
type=COUNTER, name=org.apereo.cas.DefaultCentralAuthenticationService.DESTROY_TICKET_GRANTING_TICKET_COUNTER, count=0
type=COUNTER, name=org.apereo.cas.DefaultCentralAuthenticationService.GET_TICKETS_COUNTER, count=0
type=COUNTER, name=org.apereo.cas.DefaultCentralAuthenticationService.GET_TICKET_COUNTER, count=0
type=COUNTER, name=org.apereo.cas.DefaultCentralAuthenticationService.GRANT_PROXY_TICKET_COUNTER, count=0
type=COUNTER, name=org.apereo.cas.DefaultCentralAuthenticationService.GRANT_SERVICE_TICKET_COUNTER, count=0
type=COUNTER, name=org.apereo.cas.DefaultCentralAuthenticationService.VALIDATE_SERVICE_TICKET_COUNTER, count=0
type=COUNTER, name=org.apereo.cas.authentication.PolicyBasedAuthenticationManager.AUTHENTICATE_COUNT, count=0
type=METER, name=org.apereo.cas.DefaultCentralAuthenticationService.CREATE_PROXY_GRANTING_TICKET_METER, count=0, mean_rate=0.0, m1=0.0, m5=0.0, m15=0.0, rate_unit=events/millisecond
type=METER, name=org.apereo.cas.DefaultCentralAuthenticationService.CREATE_TICKET_GRANTING_TICKET_METER, count=0, mean_rate=0.0, m1=0.0, m5=0.0, m15=0.0, rate_unit=events/millisecond
type=METER, name=org.apereo.cas.DefaultCentralAuthenticationService.DELETE_TICKET_METER, count=0, mean_rate=0.0, m1=0.0, m5=0.0, m15=0.0, rate_unit=events/millisecond
type=METER, name=org.apereo.cas.DefaultCentralAuthenticationService.DESTROY_TICKET_GRANTING_TICKET_METER, count=0, mean_rate=0.0, m1=0.0, m5=0.0, m15=0.0, rate_unit=events/millisecond
type=METER, name=org.apereo.cas.DefaultCentralAuthenticationService.GET_TICKETS_METER, count=0, mean_rate=0.0, m1=0.0, m5=0.0, m15=0.0, rate_unit=events/millisecond
type=METER, name=org.apereo.cas.DefaultCentralAuthenticationService.GET_TICKET_METER, count=0, mean_rate=0.0, m1=0.0, m5=0.0, m15=0.0, rate_unit=events/millisecond
type=METER, name=org.apereo.cas.DefaultCentralAuthenticationService.GRANT_PROXY_TICKET_METER, count=0, mean_rate=0.0, m1=0.0, m5=0.0, m15=0.0, rate_unit=events/millisecond
type=METER, name=org.apereo.cas.DefaultCentralAuthenticationService.GRANT_SERVICE_TICKET_METER, count=0, mean_rate=0.0, m1=0.0, m5=0.0, m15=0.0, rate_unit=events/millisecond
type=METER, name=org.apereo.cas.DefaultCentralAuthenticationService.VALIDATE_SERVICE_TICKET_METER, count=0, mean_rate=0.0, m1=0.0, m5=0.0, m15=0.0, rate_unit=events/millisecond
type=METER, name=org.apereo.cas.authentication.PolicyBasedAuthenticationManager.AUTHENTICATE_METER, count=0, mean_rate=0.0, m1=0.0, m5=0.0, m15=0.0, rate_unit=events/millisecond
type=TIMER, name=org.apereo.cas.DefaultCentralAuthenticationService.CREATE_PROXY_GRANTING_TICKET_TIMER, count=0, min=0.0, max=0.0, mean=0.0, stddev=0.0, median=0.0, p75=0.0, p95=0.0, p98=0.0, p99=0.0, p999=0.0, mean_rate=0.0, m1=0.0, m5=0.0, m15=0.0, rate_unit=events/millisecond, duration_unit=milliseconds
type=TIMER, name=org.apereo.cas.DefaultCentralAuthenticationService.CREATE_TICKET_GRANTING_TICKET_TIMER, count=0, min=0.0, max=0.0, mean=0.0, stddev=0.0, median=0.0, p75=0.0, p95=0.0, p98=0.0, p99=0.0, p999=0.0, mean_rate=0.0, m1=0.0, m5=0.0, m15=0.0, rate_unit=events/millisecond, duration_unit=milliseconds
type=TIMER, name=org.apereo.cas.DefaultCentralAuthenticationService.DELETE_TICKET_TIMER, count=0, min=0.0, max=0.0, mean=0.0, stddev=0.0, median=0.0, p75=0.0, p95=0.0, p98=0.0, p99=0.0, p999=0.0, mean_rate=0.0, m1=0.0, m5=0.0, m15=0.0, rate_unit=events/millisecond, duration_unit=milliseconds
type=TIMER, name=org.apereo.cas.DefaultCentralAuthenticationService.DESTROY_TICKET_GRANTING_TICKET_TIMER, count=0, min=0.0, max=0.0, mean=0.0, stddev=0.0, median=0.0, p75=0.0, p95=0.0, p98=0.0, p99=0.0, p999=0.0, mean_rate=0.0, m1=0.0, m5=0.0, m15=0.0, rate_unit=events/millisecond, duration_unit=milliseconds
type=TIMER, name=org.apereo.cas.DefaultCentralAuthenticationService.GET_TICKETS_TIMER, count=0, min=0.0, max=0.0, mean=0.0, stddev=0.0, median=0.0, p75=0.0, p95=0.0, p98=0.0, p99=0.0, p999=0.0, mean_rate=0.0, m1=0.0, m5=0.0, m15=0.0, rate_unit=events/millisecond, duration_unit=milliseconds
type=TIMER, name=org.apereo.cas.DefaultCentralAuthenticationService.GET_TICKET_TIMER, count=0, min=0.0, max=0.0, mean=0.0, stddev=0.0, median=0.0, p75=0.0, p95=0.0, p98=0.0, p99=0.0, p999=0.0, mean_rate=0.0, m1=0.0, m5=0.0, m15=0.0, rate_unit=events/millisecond, duration_unit=milliseconds
type=TIMER, name=org.apereo.cas.DefaultCentralAuthenticationService.GRANT_PROXY_TICKET_TIMER, count=0, min=0.0, max=0.0, mean=0.0, stddev=0.0, median=0.0, p75=0.0, p95=0.0, p98=0.0, p99=0.0, p999=0.0, mean_rate=0.0, m1=0.0, m5=0.0, m15=0.0, rate_unit=events/millisecond, duration_unit=milliseconds
type=TIMER, name=org.apereo.cas.DefaultCentralAuthenticationService.GRANT_SERVICE_TICKET_TIMER, count=0, min=0.0, max=0.0, mean=0.0, stddev=0.0, median=0.0, p75=0.0, p95=0.0, p98=0.0, p99=0.0, p999=0.0, mean_rate=0.0, m1=0.0, m5=0.0, m15=0.0, rate_unit=events/millisecond, duration_unit=milliseconds
type=TIMER, name=org.apereo.cas.DefaultCentralAuthenticationService.VALIDATE_SERVICE_TICKET_TIMER, count=0, min=0.0, max=0.0, mean=0.0, stddev=0.0, median=0.0, p75=0.0, p95=0.0, p98=0.0, p99=0.0, p999=0.0, mean_rate=0.0, m1=0.0, m5=0.0, m15=0.0, rate_unit=events/millisecond, duration_unit=milliseconds
type=TIMER, name=org.apereo.cas.authentication.PolicyBasedAuthenticationManager.AUTHENTICATE_TIMER, count=0, min=0.0, max=0.0, mean=0.0, stddev=0.0, median=0.0, p75=0.0, p95=0.0, p98=0.0, p99=0.0, p999=0.0, mean_rate=0.0, m1=0.0, m5=0.0, m15=0.0, rate_unit=events/millisecond, duration_unit=milliseconds
type=GAUGE, name=jvm.fd.usage, value=0.0083984375
type=GAUGE, name=jvm.gc.PS-MarkSweep.count, value=3
type=GAUGE, name=jvm.gc.PS-MarkSweep.time, value=396
type=GAUGE, name=jvm.gc.PS-Scavenge.count, value=23
type=GAUGE, name=jvm.gc.PS-Scavenge.time, value=530
type=GAUGE, name=jvm.memory.heap.committed, value=1643118592
type=GAUGE, name=jvm.memory.heap.init, value=268435456
type=GAUGE, name=jvm.memory.heap.max, value=3817865216
type=GAUGE, name=jvm.memory.heap.usage, value=0.06578679596844102
type=GAUGE, name=jvm.memory.heap.used, value=251165120
type=GAUGE, name=jvm.memory.non-heap.committed, value=131661824
type=GAUGE, name=jvm.memory.non-heap.init, value=2555904
type=GAUGE, name=jvm.memory.non-heap.max, value=-1
type=GAUGE, name=jvm.memory.non-heap.usage, value=-1.28298E8
type=GAUGE, name=jvm.memory.non-heap.used, value=128298000
type=GAUGE, name=jvm.memory.pools.Code-Cache.committed, value=34930688
type=GAUGE, name=jvm.memory.pools.Code-Cache.init, value=2555904
type=GAUGE, name=jvm.memory.pools.Code-Cache.max, value=251658240
type=GAUGE, name=jvm.memory.pools.Code-Cache.usage, value=0.1379877726236979
type=GAUGE, name=jvm.memory.pools.Code-Cache.used, value=34725760
type=GAUGE, name=jvm.memory.pools.Compressed-Class-Space.committed, value=11010048
type=GAUGE, name=jvm.memory.pools.Compressed-Class-Space.init, value=0
type=GAUGE, name=jvm.memory.pools.Compressed-Class-Space.max, value=1073741824
type=GAUGE, name=jvm.memory.pools.Compressed-Class-Space.usage, value=0.009696237742900848
type=GAUGE, name=jvm.memory.pools.Compressed-Class-Space.used, value=10411256
type=GAUGE, name=jvm.memory.pools.Metaspace.committed, value=85721088
type=GAUGE, name=jvm.memory.pools.Metaspace.init, value=0
type=GAUGE, name=jvm.memory.pools.Metaspace.max, value=-1
type=GAUGE, name=jvm.memory.pools.Metaspace.usage, value=0.970161367993836
type=GAUGE, name=jvm.memory.pools.Metaspace.used, value=83163288
type=GAUGE, name=jvm.memory.pools.PS-Eden-Space.committed, value=1307574272
type=GAUGE, name=jvm.memory.pools.PS-Eden-Space.init, value=67108864
type=GAUGE, name=jvm.memory.pools.PS-Eden-Space.max, value=1307574272
type=GAUGE, name=jvm.memory.pools.PS-Eden-Space.usage, value=0.0878117552927808
type=GAUGE, name=jvm.memory.pools.PS-Eden-Space.used, value=114820392
type=GAUGE, name=jvm.memory.pools.PS-Eden-Space.used-after-gc, value=0
type=GAUGE, name=jvm.memory.pools.PS-Old-Gen.committed, value=273678336
type=GAUGE, name=jvm.memory.pools.PS-Old-Gen.init, value=179306496
type=GAUGE, name=jvm.memory.pools.PS-Old-Gen.max, value=2863661056
type=GAUGE, name=jvm.memory.pools.PS-Old-Gen.usage, value=0.026010905111809434
type=GAUGE, name=jvm.memory.pools.PS-Old-Gen.used, value=74486416
type=GAUGE, name=jvm.memory.pools.PS-Old-Gen.used-after-gc, value=66448024
type=GAUGE, name=jvm.memory.pools.PS-Survivor-Space.committed, value=61865984
type=GAUGE, name=jvm.memory.pools.PS-Survivor-Space.init, value=11010048
type=GAUGE, name=jvm.memory.pools.PS-Survivor-Space.max, value=61865984
type=GAUGE, name=jvm.memory.pools.PS-Survivor-Space.usage, value=0.9998759900109243
type=GAUGE, name=jvm.memory.pools.PS-Survivor-Space.used, value=61858312
type=GAUGE, name=jvm.memory.pools.PS-Survivor-Space.used-after-gc, value=61858312
type=GAUGE, name=jvm.memory.total.committed, value=1774780416
type=GAUGE, name=jvm.memory.total.init, value=270991360
type=GAUGE, name=jvm.memory.total.max, value=3817865215
type=GAUGE, name=jvm.memory.total.used, value=379468176
type=GAUGE, name=thread-states.blocked.count, value=0
type=GAUGE, name=thread-states.count, value=54
type=GAUGE, name=thread-states.daemon.count, value=40
type=GAUGE, name=thread-states.deadlock.count, value=0
type=GAUGE, name=thread-states.deadlocks, value=[]
type=GAUGE, name=thread-states.new.count, value=0
type=GAUGE, name=thread-states.runnable.count, value=12
type=GAUGE, name=thread-states.terminated.count, value=0
type=GAUGE, name=thread-states.timed_waiting.count, value=14
type=GAUGE, name=thread-states.waiting.count, value=28
type=COUNTER, name=org.apereo.cas.DefaultCentralAuthenticationService.CREATE_PROXY_GRANTING_TICKET_COUNTER, count=0
type=COUNTER, name=org.apereo.cas.DefaultCentralAuthenticationService.CREATE_TICKET_GRANTING_TICKET_COUNTER, count=2
type=COUNTER, name=org.apereo.cas.DefaultCentralAuthenticationService.DELETE_TICKET_COUNTER, count=0
type=COUNTER, name=org.apereo.cas.DefaultCentralAuthenticationService.DESTROY_TICKET_GRANTING_TICKET_COUNTER, count=1
type=COUNTER, name=org.apereo.cas.DefaultCentralAuthenticationService.GET_TICKETS_COUNTER, count=0
type=COUNTER, name=org.apereo.cas.DefaultCentralAuthenticationService.GET_TICKET_COUNTER, count=1
type=COUNTER, name=org.apereo.cas.DefaultCentralAuthenticationService.GRANT_PROXY_TICKET_COUNTER, count=0
type=COUNTER, name=org.apereo.cas.DefaultCentralAuthenticationService.GRANT_SERVICE_TICKET_COUNTER, count=1
type=COUNTER, name=org.apereo.cas.DefaultCentralAuthenticationService.VALIDATE_SERVICE_TICKET_COUNTER, count=1
type=COUNTER, name=org.apereo.cas.authentication.PolicyBasedAuthenticationManager.AUTHENTICATE_COUNT, count=2
type=METER, name=org.apereo.cas.DefaultCentralAuthenticationService.CREATE_PROXY_GRANTING_TICKET_METER, count=0, mean_rate=0.0, m1=0.0, m5=0.0, m15=0.0, rate_unit=events/millisecond
type=METER, name=org.apereo.cas.DefaultCentralAuthenticationService.CREATE_TICKET_GRANTING_TICKET_METER, count=2, mean_rate=0.0, m1=0.0, m5=0.0, m15=0.0, rate_unit=events/millisecond
type=METER, name=org.apereo.cas.DefaultCentralAuthenticationService.DELETE_TICKET_METER, count=0, mean_rate=0.0, m1=0.0, m5=0.0, m15=0.0, rate_unit=events/millisecond
type=METER, name=org.apereo.cas.DefaultCentralAuthenticationService.DESTROY_TICKET_GRANTING_TICKET_METER, count=1, mean_rate=0.0, m1=0.0, m5=0.0, m15=0.0, rate_unit=events/millisecond
type=METER, name=org.apereo.cas.DefaultCentralAuthenticationService.GET_TICKETS_METER, count=0, mean_rate=0.0, m1=0.0, m5=0.0, m15=0.0, rate_unit=events/millisecond
type=METER, name=org.apereo.cas.DefaultCentralAuthenticationService.GET_TICKET_METER, count=1, mean_rate=0.0, m1=0.0, m5=0.0, m15=0.0, rate_unit=events/millisecond
type=METER, name=org.apereo.cas.DefaultCentralAuthenticationService.GRANT_PROXY_TICKET_METER, count=0, mean_rate=0.0, m1=0.0, m5=0.0, m15=0.0, rate_unit=events/millisecond
type=METER, name=org.apereo.cas.DefaultCentralAuthenticationService.GRANT_SERVICE_TICKET_METER, count=1, mean_rate=0.0, m1=0.0, m5=0.0, m15=0.0, rate_unit=events/millisecond
type=METER, name=org.apereo.cas.DefaultCentralAuthenticationService.VALIDATE_SERVICE_TICKET_METER, count=1, mean_rate=0.0, m1=0.0, m5=0.0, m15=0.0, rate_unit=events/millisecond
type=METER, name=org.apereo.cas.authentication.PolicyBasedAuthenticationManager.AUTHENTICATE_METER, count=2, mean_rate=0.0, m1=0.0, m5=0.0, m15=0.0, rate_unit=events/millisecond
type=TIMER, name=org.apereo.cas.DefaultCentralAuthenticationService.CREATE_PROXY_GRANTING_TICKET_TIMER, count=0, min=0.0, max=0.0, mean=0.0, stddev=0.0, median=0.0, p75=0.0, p95=0.0, p98=0.0, p99=0.0, p999=0.0, mean_rate=0.0, m1=0.0, m5=0.0, m15=0.0, rate_unit=events/millisecond, duration_unit=milliseconds
type=TIMER, name=org.apereo.cas.DefaultCentralAuthenticationService.CREATE_TICKET_GRANTING_TICKET_TIMER, count=2, min=3.26823, max=47.628967, mean=22.96378103320333, stddev=22.040744745867695, median=3.26823, p75=47.628967, p95=47.628967, p98=47.628967, p99=47.628967, p999=47.628967, mean_rate=0.0, m1=0.0, m5=0.0, m15=0.0, rate_unit=events/millisecond, duration_unit=milliseconds
type=TIMER, name=org.apereo.cas.DefaultCentralAuthenticationService.DELETE_TICKET_TIMER, count=0, min=0.0, max=0.0, mean=0.0, stddev=0.0, median=0.0, p75=0.0, p95=0.0, p98=0.0, p99=0.0, p999=0.0, mean_rate=0.0, m1=0.0, m5=0.0, m15=0.0, rate_unit=events/millisecond, duration_unit=milliseconds
type=TIMER, name=org.apereo.cas.DefaultCentralAuthenticationService.DESTROY_TICKET_GRANTING_TICKET_TIMER, count=1, min=20.89478, max=20.89478, mean=20.89478, stddev=0.0, median=20.89478, p75=20.89478, p95=20.89478, p98=20.89478, p99=20.89478, p999=20.89478, mean_rate=0.0, m1=0.0, m5=0.0, m15=0.0, rate_unit=events/millisecond, duration_unit=milliseconds
type=TIMER, name=org.apereo.cas.DefaultCentralAuthenticationService.GET_TICKETS_TIMER, count=0, min=0.0, max=0.0, mean=0.0, stddev=0.0, median=0.0, p75=0.0, p95=0.0, p98=0.0, p99=0.0, p999=0.0, mean_rate=0.0, m1=0.0, m5=0.0, m15=0.0, rate_unit=events/millisecond, duration_unit=milliseconds
type=TIMER, name=org.apereo.cas.DefaultCentralAuthenticationService.GET_TICKET_TIMER, count=1, min=4.225299, max=4.225299, mean=4.225299, stddev=0.0, median=4.225299, p75=4.225299, p95=4.225299, p98=4.225299, p99=4.225299, p999=4.225299, mean_rate=0.0, m1=0.0, m5=0.0, m15=0.0, rate_unit=events/millisecond, duration_unit=milliseconds
type=TIMER, name=org.apereo.cas.DefaultCentralAuthenticationService.GRANT_PROXY_TICKET_TIMER, count=0, min=0.0, max=0.0, mean=0.0, stddev=0.0, median=0.0, p75=0.0, p95=0.0, p98=0.0, p99=0.0, p999=0.0, mean_rate=0.0, m1=0.0, m5=0.0, m15=0.0, rate_unit=events/millisecond, duration_unit=milliseconds
type=TIMER, name=org.apereo.cas.DefaultCentralAuthenticationService.GRANT_SERVICE_TICKET_TIMER, count=1, min=27.705485, max=27.705485, mean=27.705485, stddev=0.0, median=27.705485, p75=27.705485, p95=27.705485, p98=27.705485, p99=27.705485, p999=27.705485, mean_rate=0.0, m1=0.0, m5=0.0, m15=0.0, rate_unit=events/millisecond, duration_unit=milliseconds
type=TIMER, name=org.apereo.cas.DefaultCentralAuthenticationService.VALIDATE_SERVICE_TICKET_TIMER, count=1, min=25.706023, max=25.706023, mean=25.706023, stddev=0.0, median=25.706023, p75=25.706023, p95=25.706023, p98=25.706023, p99=25.706023, p999=25.706023, mean_rate=0.0, m1=0.0, m5=0.0, m15=0.0, rate_unit=events/millisecond, duration_unit=milliseconds
type=TIMER, name=org.apereo.cas.authentication.PolicyBasedAuthenticationManager.AUTHENTICATE_TIMER, count=2, min=1.986115, max=46.818654, mean=21.72526999039625, stddev=22.255835104509092, median=1.986115, p75=46.818654, p95=46.818654, p98=46.818654, p99=46.818654, p999=46.818654, mean_rate=0.0, m1=0.0, m5=0.0, m15=0.0, rate_unit=events/millisecond, duration_unit=milliseconds
type=GAUGE, name=jvm.fd.usage, value=0.00830078125
type=GAUGE, name=jvm.gc.PS-MarkSweep.count, value=3
type=GAUGE, name=jvm.gc.PS-MarkSweep.time, value=396
type=GAUGE, name=jvm.gc.PS-Scavenge.count, value=23
type=GAUGE, name=jvm.gc.PS-Scavenge.time, value=530
type=GAUGE, name=jvm.memory.heap.committed, value=1643118592
type=GAUGE, name=jvm.memory.heap.init, value=268435456
type=GAUGE, name=jvm.memory.heap.max, value=3817865216
type=GAUGE, name=jvm.memory.heap.usage, value=0.06578679596844102
type=GAUGE, name=jvm.memory.heap.used, value=251165120
type=GAUGE, name=jvm.memory.non-heap.committed, value=131923968
type=GAUGE, name=jvm.memory.non-heap.init, value=2555904
type=GAUGE, name=jvm.memory.non-heap.max, value=-1
type=GAUGE, name=jvm.memory.non-heap.usage, value=-1.28576352E8
type=GAUGE, name=jvm.memory.non-heap.used, value=128577696
type=GAUGE, name=jvm.memory.pools.Code-Cache.committed, value=35192832
type=GAUGE, name=jvm.memory.pools.Code-Cache.init, value=2555904
type=GAUGE, name=jvm.memory.pools.Code-Cache.max, value=251658240
type=GAUGE, name=jvm.memory.pools.Code-Cache.usage, value=0.13889083862304688
type=GAUGE, name=jvm.memory.pools.Code-Cache.used, value=34954176
type=GAUGE, name=jvm.memory.pools.Compressed-Class-Space.committed, value=11010048
type=GAUGE, name=jvm.memory.pools.Compressed-Class-Space.init, value=0
type=GAUGE, name=jvm.memory.pools.Compressed-Class-Space.max, value=1073741824
type=GAUGE, name=jvm.memory.pools.Compressed-Class-Space.usage, value=0.00969676673412323
type=GAUGE, name=jvm.memory.pools.Compressed-Class-Space.used, value=10411824
type=GAUGE, name=jvm.memory.pools.Metaspace.committed, value=85721088
type=GAUGE, name=jvm.memory.pools.Metaspace.init, value=0
type=GAUGE, name=jvm.memory.pools.Metaspace.max, value=-1
type=GAUGE, name=jvm.memory.pools.Metaspace.usage, value=0.9707704129933582
type=GAUGE, name=jvm.memory.pools.Metaspace.used, value=83215496
type=GAUGE, name=jvm.memory.pools.PS-Eden-Space.committed, value=1307574272
type=GAUGE, name=jvm.memory.pools.PS-Eden-Space.init, value=67108864
type=GAUGE, name=jvm.memory.pools.PS-Eden-Space.max, value=1307574272
type=GAUGE, name=jvm.memory.pools.PS-Eden-Space.usage, value=0.0878117552927808
type=GAUGE, name=jvm.memory.pools.PS-Eden-Space.used, value=114820392
type=GAUGE, name=jvm.memory.pools.PS-Eden-Space.used-after-gc, value=0
type=GAUGE, name=jvm.memory.pools.PS-Old-Gen.committed, value=273678336
type=GAUGE, name=jvm.memory.pools.PS-Old-Gen.init, value=179306496
type=GAUGE, name=jvm.memory.pools.PS-Old-Gen.max, value=2863661056
type=GAUGE, name=jvm.memory.pools.PS-Old-Gen.usage, value=0.026010905111809434
type=GAUGE, name=jvm.memory.pools.PS-Old-Gen.used, value=74486416
type=GAUGE, name=jvm.memory.pools.PS-Old-Gen.used-after-gc, value=66448024
type=GAUGE, name=jvm.memory.pools.PS-Survivor-Space.committed, value=61865984
type=GAUGE, name=jvm.memory.pools.PS-Survivor-Space.init, value=11010048
type=GAUGE, name=jvm.memory.pools.PS-Survivor-Space.max, value=61865984
type=GAUGE, name=jvm.memory.pools.PS-Survivor-Space.usage, value=0.9998759900109243
type=GAUGE, name=jvm.memory.pools.PS-Survivor-Space.used, value=61858312
type=GAUGE, name=jvm.memory.pools.PS-Survivor-Space.used-after-gc, value=61858312
type=GAUGE, name=jvm.memory.total.committed, value=1775042560
type=GAUGE, name=jvm.memory.total.init, value=270991360
type=GAUGE, name=jvm.memory.total.max, value=3817865215
type=GAUGE, name=jvm.memory.total.used, value=379762632
type=GAUGE, name=thread-states.blocked.count, value=0
type=GAUGE, name=thread-states.count, value=54
type=GAUGE, name=thread-states.daemon.count, value=40
type=GAUGE, name=thread-states.deadlock.count, value=0
type=GAUGE, name=thread-states.deadlocks, value=[]
type=GAUGE, name=thread-states.new.count, value=0
type=GAUGE, name=thread-states.runnable.count, value=13
type=GAUGE, name=thread-states.terminated.count, value=0
type=GAUGE, name=thread-states.timed_waiting.count, value=14
type=GAUGE, name=thread-states.waiting.count, value=28
type=COUNTER, name=org.apereo.cas.DefaultCentralAuthenticationService.CREATE_PROXY_GRANTING_TICKET_COUNTER, count=0
type=COUNTER, name=org.apereo.cas.DefaultCentralAuthenticationService.CREATE_TICKET_GRANTING_TICKET_COUNTER, count=2
type=COUNTER, name=org.apereo.cas.DefaultCentralAuthenticationService.DELETE_TICKET_COUNTER, count=0
type=COUNTER, name=org.apereo.cas.DefaultCentralAuthenticationService.DESTROY_TICKET_GRANTING_TICKET_COUNTER, count=1
type=COUNTER, name=org.apereo.cas.DefaultCentralAuthenticationService.GET_TICKETS_COUNTER, count=0
type=COUNTER, name=org.apereo.cas.DefaultCentralAuthenticationService.GET_TICKET_COUNTER, count=1
type=COUNTER, name=org.apereo.cas.DefaultCentralAuthenticationService.GRANT_PROXY_TICKET_COUNTER, count=0
type=COUNTER, name=org.apereo.cas.DefaultCentralAuthenticationService.GRANT_SERVICE_TICKET_COUNTER, count=1
type=COUNTER, name=org.apereo.cas.DefaultCentralAuthenticationService.VALIDATE_SERVICE_TICKET_COUNTER, count=1
type=COUNTER, name=org.apereo.cas.authentication.PolicyBasedAuthenticationManager.AUTHENTICATE_COUNT, count=2
type=METER, name=org.apereo.cas.DefaultCentralAuthenticationService.CREATE_PROXY_GRANTING_TICKET_METER, count=0, mean_rate=0.0, m1=0.0, m5=0.0, m15=0.0, rate_unit=events/millisecond
type=METER, name=org.apereo.cas.DefaultCentralAuthenticationService.CREATE_TICKET_GRANTING_TICKET_METER, count=2, mean_rate=0.0, m1=0.0, m5=0.0, m15=0.0, rate_unit=events/millisecond
type=METER, name=org.apereo.cas.DefaultCentralAuthenticationService.DELETE_TICKET_METER, count=0, mean_rate=0.0, m1=0.0, m5=0.0, m15=0.0, rate_unit=events/millisecond
type=METER, name=org.apereo.cas.DefaultCentralAuthenticationService.DESTROY_TICKET_GRANTING_TICKET_METER, count=1, mean_rate=0.0, m1=0.0, m5=0.0, m15=0.0, rate_unit=events/millisecond
type=METER, name=org.apereo.cas.DefaultCentralAuthenticationService.GET_TICKETS_METER, count=0, mean_rate=0.0, m1=0.0, m5=0.0, m15=0.0, rate_unit=events/millisecond
type=METER, name=org.apereo.cas.DefaultCentralAuthenticationService.GET_TICKET_METER, count=1, mean_rate=0.0, m1=0.0, m5=0.0, m15=0.0, rate_unit=events/millisecond
type=METER, name=org.apereo.cas.DefaultCentralAuthenticationService.GRANT_PROXY_TICKET_METER, count=0, mean_rate=0.0, m1=0.0, m5=0.0, m15=0.0, rate_unit=events/millisecond
type=METER, name=org.apereo.cas.DefaultCentralAuthenticationService.GRANT_SERVICE_TICKET_METER, count=1, mean_rate=0.0, m1=0.0, m5=0.0, m15=0.0, rate_unit=events/millisecond
type=METER, name=org.apereo.cas.DefaultCentralAuthenticationService.VALIDATE_SERVICE_TICKET_METER, count=1, mean_rate=0.0, m1=0.0, m5=0.0, m15=0.0, rate_unit=events/millisecond
type=METER, name=org.apereo.cas.authentication.PolicyBasedAuthenticationManager.AUTHENTICATE_METER, count=2, mean_rate=0.0, m1=0.0, m5=0.0, m15=0.0, rate_unit=events/millisecond
type=TIMER, name=org.apereo.cas.DefaultCentralAuthenticationService.CREATE_PROXY_GRANTING_TICKET_TIMER, count=0, min=0.0, max=0.0, mean=0.0, stddev=0.0, median=0.0, p75=0.0, p95=0.0, p98=0.0, p99=0.0, p999=0.0, mean_rate=0.0, m1=0.0, m5=0.0, m15=0.0, rate_unit=events/millisecond, duration_unit=milliseconds
type=TIMER, name=org.apereo.cas.DefaultCentralAuthenticationService.CREATE_TICKET_GRANTING_TICKET_TIMER, count=2, min=3.26823, max=47.628967, mean=22.96378103320333, stddev=22.040744745867695, median=3.26823, p75=47.628967, p95=47.628967, p98=47.628967, p99=47.628967, p999=47.628967, mean_rate=0.0, m1=0.0, m5=0.0, m15=0.0, rate_unit=events/millisecond, duration_unit=milliseconds
type=TIMER, name=org.apereo.cas.DefaultCentralAuthenticationService.DELETE_TICKET_TIMER, count=0, min=0.0, max=0.0, mean=0.0, stddev=0.0, median=0.0, p75=0.0, p95=0.0, p98=0.0, p99=0.0, p999=0.0, mean_rate=0.0, m1=0.0, m5=0.0, m15=0.0, rate_unit=events/millisecond, duration_unit=milliseconds
type=TIMER, name=org.apereo.cas.DefaultCentralAuthenticationService.DESTROY_TICKET_GRANTING_TICKET_TIMER, count=1, min=20.89478, max=20.89478, mean=20.89478, stddev=0.0, median=20.89478, p75=20.89478, p95=20.89478, p98=20.89478, p99=20.89478, p999=20.89478, mean_rate=0.0, m1=0.0, m5=0.0, m15=0.0, rate_unit=events/millisecond, duration_unit=milliseconds
type=TIMER, name=org.apereo.cas.DefaultCentralAuthenticationService.GET_TICKETS_TIMER, count=0, min=0.0, max=0.0, mean=0.0, stddev=0.0, median=0.0, p75=0.0, p95=0.0, p98=0.0, p99=0.0, p999=0.0, mean_rate=0.0, m1=0.0, m5=0.0, m15=0.0, rate_unit=events/millisecond, duration_unit=milliseconds
type=TIMER, name=org.apereo.cas.DefaultCentralAuthenticationService.GET_TICKET_TIMER, count=1, min=4.225299, max=4.225299, mean=4.225299, stddev=0.0, median=4.225299, p75=4.225299, p95=4.225299, p98=4.225299, p99=4.225299, p999=4.225299, mean_rate=0.0, m1=0.0, m5=0.0, m15=0.0, rate_unit=events/millisecond, duration_unit=milliseconds
type=TIMER, name=org.apereo.cas.DefaultCentralAuthenticationService.GRANT_PROXY_TICKET_TIMER, count=0, min=0.0, max=0.0, mean=0.0, stddev=0.0, median=0.0, p75=0.0, p95=0.0, p98=0.0, p99=0.0, p999=0.0, mean_rate=0.0, m1=0.0, m5=0.0, m15=0.0, rate_unit=events/millisecond, duration_unit=milliseconds
type=TIMER, name=org.apereo.cas.DefaultCentralAuthenticationService.GRANT_SERVICE_TICKET_TIMER, count=1, min=27.705485, max=27.705485, mean=27.705485, stddev=0.0, median=27.705485, p75=27.705485, p95=27.705485, p98=27.705485, p99=27.705485, p999=27.705485, mean_rate=0.0, m1=0.0, m5=0.0, m15=0.0, rate_unit=events/millisecond, duration_unit=milliseconds
type=TIMER, name=org.apereo.cas.DefaultCentralAuthenticationService.VALIDATE_SERVICE_TICKET_TIMER, count=1, min=25.706023, max=25.706023, mean=25.706023, stddev=0.0, median=25.706023, p75=25.706023, p95=25.706023, p98=25.706023, p99=25.706023, p999=25.706023, mean_rate=0.0, m1=0.0, m5=0.0, m15=0.0, rate_unit=events/millisecond, duration_unit=milliseconds
type=TIMER, name=org.apereo.cas.authentication.PolicyBasedAuthenticationManager.AUTHENTICATE_TIMER, count=2, min=1.986115, max=46.818654, mean=21.72526999039625, stddev=22.255835104509092, median=1.986115, p75=46.818654, p95=46.818654, p98=46.818654, p99=46.818654, p999=46.818654, mean_rate=0.0, m1=0.0, m5=0.0, m15=0.0, rate_unit=events/millisecond, duration_unit=milliseconds
type=GAUGE, name=jvm.fd.usage, value=0.00830078125
type=GAUGE, name=jvm.gc.PS-MarkSweep.count, value=3
type=GAUGE, name=jvm.gc.PS-MarkSweep.time, value=396
type=GAUGE, name=jvm.gc.PS-Scavenge.count, value=23
type=GAUGE, name=jvm.gc.PS-Scavenge.time, value=530
type=GAUGE, name=jvm.memory.heap.committed, value=1643118592
type=GAUGE, name=jvm.memory.heap.init, value=268435456
type=GAUGE, name=jvm.memory.heap.max, value=3817865216
type=GAUGE, name=jvm.memory.heap.usage, value=0.06578681482714763
type=GAUGE, name=jvm.memory.heap.used, value=251165192
type=GAUGE, name=jvm.memory.non-heap.committed, value=132055040
type=GAUGE, name=jvm.memory.non-heap.init, value=2555904
type=GAUGE, name=jvm.memory.non-heap.max, value=-1
type=GAUGE, name=jvm.memory.non-heap.usage, value=-1.2877916E8
type=GAUGE, name=jvm.memory.non-heap.used, value=128779160
type=GAUGE, name=jvm.memory.pools.Code-Cache.committed, value=35323904
type=GAUGE, name=jvm.memory.pools.Code-Cache.init, value=2555904
type=GAUGE, name=jvm.memory.pools.Code-Cache.max, value=251658240
type=GAUGE, name=jvm.memory.pools.Code-Cache.usage, value=0.13954391479492187
type=GAUGE, name=jvm.memory.pools.Code-Cache.used, value=35117376
type=GAUGE, name=jvm.memory.pools.Compressed-Class-Space.committed, value=11010048
type=GAUGE, name=jvm.memory.pools.Compressed-Class-Space.init, value=0
type=GAUGE, name=jvm.memory.pools.Compressed-Class-Space.max, value=1073741824
type=GAUGE, name=jvm.memory.pools.Compressed-Class-Space.usage, value=0.00969676673412323
type=GAUGE, name=jvm.memory.pools.Compressed-Class-Space.used, value=10411824
type=GAUGE, name=jvm.memory.pools.Metaspace.committed, value=85721088
type=GAUGE, name=jvm.memory.pools.Metaspace.init, value=0
type=GAUGE, name=jvm.memory.pools.Metaspace.max, value=-1
type=GAUGE, name=jvm.memory.pools.Metaspace.usage, value=0.9712156709910168
type=GAUGE, name=jvm.memory.pools.Metaspace.used, value=83253664
type=GAUGE, name=jvm.memory.pools.PS-Eden-Space.committed, value=1307574272
type=GAUGE, name=jvm.memory.pools.PS-Eden-Space.init, value=67108864
type=GAUGE, name=jvm.memory.pools.PS-Eden-Space.max, value=1307574272
type=GAUGE, name=jvm.memory.pools.PS-Eden-Space.usage, value=0.08781181035657452
type=GAUGE, name=jvm.memory.pools.PS-Eden-Space.used, value=114820464
type=GAUGE, name=jvm.memory.pools.PS-Eden-Space.used-after-gc, value=0
type=GAUGE, name=jvm.memory.pools.PS-Old-Gen.committed, value=273678336
type=GAUGE, name=jvm.memory.pools.PS-Old-Gen.init, value=179306496
type=GAUGE, name=jvm.memory.pools.PS-Old-Gen.max, value=2863661056
type=GAUGE, name=jvm.memory.pools.PS-Old-Gen.usage, value=0.026010905111809434
type=GAUGE, name=jvm.memory.pools.PS-Old-Gen.used, value=74486416
type=GAUGE, name=jvm.memory.pools.PS-Old-Gen.used-after-gc, value=66448024
type=GAUGE, name=jvm.memory.pools.PS-Survivor-Space.committed, value=61865984
type=GAUGE, name=jvm.memory.pools.PS-Survivor-Space.init, value=11010048
type=GAUGE, name=jvm.memory.pools.PS-Survivor-Space.max, value=61865984
type=GAUGE, name=jvm.memory.pools.PS-Survivor-Space.usage, value=0.9998759900109243
type=GAUGE, name=jvm.memory.pools.PS-Survivor-Space.used, value=61858312
type=GAUGE, name=jvm.memory.pools.PS-Survivor-Space.used-after-gc, value=61858312
type=GAUGE, name=jvm.memory.total.committed, value=1775173632
type=GAUGE, name=jvm.memory.total.init, value=270991360
type=GAUGE, name=jvm.memory.total.max, value=3817865215
type=GAUGE, name=jvm.memory.total.used, value=379966312
type=GAUGE, name=thread-states.blocked.count, value=0
type=GAUGE, name=thread-states.count, value=54
type=GAUGE, name=thread-states.daemon.count, value=40
type=GAUGE, name=thread-states.deadlock.count, value=0
type=GAUGE, name=thread-states.deadlocks, value=[]
type=GAUGE, name=thread-states.new.count, value=0
type=GAUGE, name=thread-states.runnable.count, value=12
type=GAUGE, name=thread-states.terminated.count, value=0
type=GAUGE, name=thread-states.timed_waiting.count, value=14
type=GAUGE, name=thread-states.waiting.count, value=28
type=COUNTER, name=org.apereo.cas.DefaultCentralAuthenticationService.CREATE_PROXY_GRANTING_TICKET_COUNTER, count=0
type=COUNTER, name=org.apereo.cas.DefaultCentralAuthenticationService.CREATE_TICKET_GRANTING_TICKET_COUNTER, count=2
type=COUNTER, name=org.apereo.cas.DefaultCentralAuthenticationService.DELETE_TICKET_COUNTER, count=0
type=COUNTER, name=org.apereo.cas.DefaultCentralAuthenticationService.DESTROY_TICKET_GRANTING_TICKET_COUNTER, count=1
type=COUNTER, name=org.apereo.cas.DefaultCentralAuthenticationService.GET_TICKETS_COUNTER, count=0
type=COUNTER, name=org.apereo.cas.DefaultCentralAuthenticationService.GET_TICKET_COUNTER, count=1
type=COUNTER, name=org.apereo.cas.DefaultCentralAuthenticationService.GRANT_PROXY_TICKET_COUNTER, count=0
type=COUNTER, name=org.apereo.cas.DefaultCentralAuthenticationService.GRANT_SERVICE_TICKET_COUNTER, count=1
type=COUNTER, name=org.apereo.cas.DefaultCentralAuthenticationService.VALIDATE_SERVICE_TICKET_COUNTER, count=1
type=COUNTER, name=org.apereo.cas.authentication.PolicyBasedAuthenticationManager.AUTHENTICATE_COUNT, count=2
type=METER, name=org.apereo.cas.DefaultCentralAuthenticationService.CREATE_PROXY_GRANTING_TICKET_METER, count=0, mean_rate=0.0, m1=0.0, m5=0.0, m15=0.0, rate_unit=events/millisecond
type=METER, name=org.apereo.cas.DefaultCentralAuthenticationService.CREATE_TICKET_GRANTING_TICKET_METER, count=2, mean_rate=0.0, m1=0.0, m5=0.0, m15=0.0, rate_unit=events/millisecond
type=METER, name=org.apereo.cas.DefaultCentralAuthenticationService.DELETE_TICKET_METER, count=0, mean_rate=0.0, m1=0.0, m5=0.0, m15=0.0, rate_unit=events/millisecond
type=METER, name=org.apereo.cas.DefaultCentralAuthenticationService.DESTROY_TICKET_GRANTING_TICKET_METER, count=1, mean_rate=0.0, m1=0.0, m5=0.0, m15=0.0, rate_unit=events/millisecond
type=METER, name=org.apereo.cas.DefaultCentralAuthenticationService.GET_TICKETS_METER, count=0, mean_rate=0.0, m1=0.0, m5=0.0, m15=0.0, rate_unit=events/millisecond
type=METER, name=org.apereo.cas.DefaultCentralAuthenticationService.GET_TICKET_METER, count=1, mean_rate=0.0, m1=0.0, m5=0.0, m15=0.0, rate_unit=events/millisecond
type=METER, name=org.apereo.cas.DefaultCentralAuthenticationService.GRANT_PROXY_TICKET_METER, count=0, mean_rate=0.0, m1=0.0, m5=0.0, m15=0.0, rate_unit=events/millisecond
type=METER, name=org.apereo.cas.DefaultCentralAuthenticationService.GRANT_SERVICE_TICKET_METER, count=1, mean_rate=0.0, m1=0.0, m5=0.0, m15=0.0, rate_unit=events/millisecond
type=METER, name=org.apereo.cas.DefaultCentralAuthenticationService.VALIDATE_SERVICE_TICKET_METER, count=1, mean_rate=0.0, m1=0.0, m5=0.0, m15=0.0, rate_unit=events/millisecond
type=METER, name=org.apereo.cas.authentication.PolicyBasedAuthenticationManager.AUTHENTICATE_METER, count=2, mean_rate=0.0, m1=0.0, m5=0.0, m15=0.0, rate_unit=events/millisecond
type=TIMER, name=org.apereo.cas.DefaultCentralAuthenticationService.CREATE_PROXY_GRANTING_TICKET_TIMER, count=0, min=0.0, max=0.0, mean=0.0, stddev=0.0, median=0.0, p75=0.0, p95=0.0, p98=0.0, p99=0.0, p999=0.0, mean_rate=0.0, m1=0.0, m5=0.0, m15=0.0, rate_unit=events/millisecond, duration_unit=milliseconds
type=TIMER, name=org.apereo.cas.DefaultCentralAuthenticationService.CREATE_TICKET_GRANTING_TICKET_TIMER, count=2, min=3.26823, max=47.628967, mean=22.96378103320333, stddev=22.040744745867695, median=3.26823, p75=47.628967, p95=47.628967, p98=47.628967, p99=47.628967, p999=47.628967, mean_rate=0.0, m1=0.0, m5=0.0, m15=0.0, rate_unit=events/millisecond, duration_unit=milliseconds
type=TIMER, name=org.apereo.cas.DefaultCentralAuthenticationService.DELETE_TICKET_TIMER, count=0, min=0.0, max=0.0, mean=0.0, stddev=0.0, median=0.0, p75=0.0, p95=0.0, p98=0.0, p99=0.0, p999=0.0, mean_rate=0.0, m1=0.0, m5=0.0, m15=0.0, rate_unit=events/millisecond, duration_unit=milliseconds
type=TIMER, name=org.apereo.cas.DefaultCentralAuthenticationService.DESTROY_TICKET_GRANTING_TICKET_TIMER, count=1, min=20.89478, max=20.89478, mean=20.89478, stddev=0.0, median=20.89478, p75=20.89478, p95=20.89478, p98=20.89478, p99=20.89478, p999=20.89478, mean_rate=0.0, m1=0.0, m5=0.0, m15=0.0, rate_unit=events/millisecond, duration_unit=milliseconds
type=TIMER, name=org.apereo.cas.DefaultCentralAuthenticationService.GET_TICKETS_TIMER, count=0, min=0.0, max=0.0, mean=0.0, stddev=0.0, median=0.0, p75=0.0, p95=0.0, p98=0.0, p99=0.0, p999=0.0, mean_rate=0.0, m1=0.0, m5=0.0, m15=0.0, rate_unit=events/millisecond, duration_unit=milliseconds
type=TIMER, name=org.apereo.cas.DefaultCentralAuthenticationService.GET_TICKET_TIMER, count=1, min=4.225299, max=4.225299, mean=4.225299, stddev=0.0, median=4.225299, p75=4.225299, p95=4.225299, p98=4.225299, p99=4.225299, p999=4.225299, mean_rate=0.0, m1=0.0, m5=0.0, m15=0.0, rate_unit=events/millisecond, duration_unit=milliseconds
type=TIMER, name=org.apereo.cas.DefaultCentralAuthenticationService.GRANT_PROXY_TICKET_TIMER, count=0, min=0.0, max=0.0, mean=0.0, stddev=0.0, median=0.0, p75=0.0, p95=0.0, p98=0.0, p99=0.0, p999=0.0, mean_rate=0.0, m1=0.0, m5=0.0, m15=0.0, rate_unit=events/millisecond, duration_unit=milliseconds
type=TIMER, name=org.apereo.cas.DefaultCentralAuthenticationService.GRANT_SERVICE_TICKET_TIMER, count=1, min=27.705485, max=27.705485, mean=27.705485, stddev=0.0, median=27.705485, p75=27.705485, p95=27.705485, p98=27.705485, p99=27.705485, p999=27.705485, mean_rate=0.0, m1=0.0, m5=0.0, m15=0.0, rate_unit=events/millisecond, duration_unit=milliseconds
type=TIMER, name=org.apereo.cas.DefaultCentralAuthenticationService.VALIDATE_SERVICE_TICKET_TIMER, count=1, min=25.706023, max=25.706023, mean=25.706023, stddev=0.0, median=25.706023, p75=25.706023, p95=25.706023, p98=25.706023, p99=25.706023, p999=25.706023, mean_rate=0.0, m1=0.0, m5=0.0, m15=0.0, rate_unit=events/millisecond, duration_unit=milliseconds
type=TIMER, name=org.apereo.cas.authentication.PolicyBasedAuthenticationManager.AUTHENTICATE_TIMER, count=2, min=1.986115, max=46.818654, mean=21.72526999039625, stddev=22.255835104509092, median=1.986115, p75=46.818654, p95=46.818654, p98=46.818654, p99=46.818654, p999=46.818654, mean_rate=0.0, m1=0.0, m5=0.0, m15=0.0, rate_unit=events/millisecond, duration_unit=milliseconds
type=GAUGE, name=jvm.fd.usage, value=0.00830078125
type=GAUGE, name=jvm.gc.PS-MarkSweep.count, value=3
type=GAUGE, name=jvm.gc.PS-MarkSweep.time, value=396
type=GAUGE, name=jvm.gc.PS-Scavenge.count, value=23
type=GAUGE, name=jvm.gc.PS-Scavenge.time, value=530
type=GAUGE, name=jvm.memory.heap.committed, value=1643118592
type=GAUGE, name=jvm.memory.heap.init, value=268435456
type=GAUGE, name=jvm.memory.heap.max, value=3817865216
type=GAUGE, name=jvm.memory.heap.usage, value=0.06615852831615521
type=GAUGE, name=jvm.memory.heap.used, value=252584344
type=GAUGE, name=jvm.memory.non-heap.committed, value=132317184
type=GAUGE, name=jvm.memory.non-heap.init, value=2555904
type=GAUGE, name=jvm.memory.non-heap.max, value=-1
type=GAUGE, name=jvm.memory.non-heap.usage, value=-1.29010312E8
type=GAUGE, name=jvm.memory.non-heap.used, value=129010312
type=GAUGE, name=jvm.memory.pools.Code-Cache.committed, value=35586048
type=GAUGE, name=jvm.memory.pools.Code-Cache.init, value=2555904
type=GAUGE, name=jvm.memory.pools.Code-Cache.max, value=251658240
type=GAUGE, name=jvm.memory.pools.Code-Cache.usage, value=0.14029210408528645
type=GAUGE, name=jvm.memory.pools.Code-Cache.used, value=35305664
type=GAUGE, name=jvm.memory.pools.Compressed-Class-Space.committed, value=11010048
type=GAUGE, name=jvm.memory.pools.Compressed-Class-Space.init, value=0
type=GAUGE, name=jvm.memory.pools.Compressed-Class-Space.max, value=1073741824
type=GAUGE, name=jvm.memory.pools.Compressed-Class-Space.usage, value=0.00969676673412323
type=GAUGE, name=jvm.memory.pools.Compressed-Class-Space.used, value=10411824
type=GAUGE, name=jvm.memory.pools.Metaspace.committed, value=85721088
type=GAUGE, name=jvm.memory.pools.Metaspace.init, value=0
type=GAUGE, name=jvm.memory.pools.Metaspace.max, value=-1
type=GAUGE, name=jvm.memory.pools.Metaspace.usage, value=0.9716725014036219
type=GAUGE, name=jvm.memory.pools.Metaspace.used, value=83292824
type=GAUGE, name=jvm.memory.pools.PS-Eden-Space.committed, value=1307574272
type=GAUGE, name=jvm.memory.pools.PS-Eden-Space.init, value=67108864
type=GAUGE, name=jvm.memory.pools.PS-Eden-Space.max, value=1307574272
type=GAUGE, name=jvm.memory.pools.PS-Eden-Space.usage, value=0.0888971422037891
type=GAUGE, name=jvm.memory.pools.PS-Eden-Space.used, value=116239616
type=GAUGE, name=jvm.memory.pools.PS-Eden-Space.used-after-gc, value=0
type=GAUGE, name=jvm.memory.pools.PS-Old-Gen.committed, value=273678336
type=GAUGE, name=jvm.memory.pools.PS-Old-Gen.init, value=179306496
type=GAUGE, name=jvm.memory.pools.PS-Old-Gen.max, value=2863661056
type=GAUGE, name=jvm.memory.pools.PS-Old-Gen.usage, value=0.026010905111809434
type=GAUGE, name=jvm.memory.pools.PS-Old-Gen.used, value=74486416
type=GAUGE, name=jvm.memory.pools.PS-Old-Gen.used-after-gc, value=66448024
type=GAUGE, name=jvm.memory.pools.PS-Survivor-Space.committed, value=61865984
type=GAUGE, name=jvm.memory.pools.PS-Survivor-Space.init, value=11010048
type=GAUGE, name=jvm.memory.pools.PS-Survivor-Space.max, value=61865984
type=GAUGE, name=jvm.memory.pools.PS-Survivor-Space.usage, value=0.9998759900109243
type=GAUGE, name=jvm.memory.pools.PS-Survivor-Space.used, value=61858312
type=GAUGE, name=jvm.memory.pools.PS-Survivor-Space.used-after-gc, value=61858312
type=GAUGE, name=jvm.memory.total.committed, value=1775435776
type=GAUGE, name=jvm.memory.total.init, value=270991360
type=GAUGE, name=jvm.memory.total.max, value=3817865215
type=GAUGE, name=jvm.memory.total.used, value=381589728
type=GAUGE, name=thread-states.blocked.count, value=0
type=GAUGE, name=thread-states.count, value=54
type=GAUGE, name=thread-states.daemon.count, value=40
type=GAUGE, name=thread-states.deadlock.count, value=0
type=GAUGE, name=thread-states.deadlocks, value=[]
type=GAUGE, name=thread-states.new.count, value=0
type=GAUGE, name=thread-states.runnable.count, value=12
type=GAUGE, name=thread-states.terminated.count, value=0
type=GAUGE, name=thread-states.timed_waiting.count, value=14
type=GAUGE, name=thread-states.waiting.count, value=28
type=COUNTER, name=org.apereo.cas.DefaultCentralAuthenticationService.CREATE_PROXY_GRANTING_TICKET_COUNTER, count=0
type=COUNTER, name=org.apereo.cas.DefaultCentralAuthenticationService.CREATE_TICKET_GRANTING_TICKET_COUNTER, count=2
type=COUNTER, name=org.apereo.cas.DefaultCentralAuthenticationService.DELETE_TICKET_COUNTER, count=0
type=COUNTER, name=org.apereo.cas.DefaultCentralAuthenticationService.DESTROY_TICKET_GRANTING_TICKET_COUNTER, count=1
type=COUNTER, name=org.apereo.cas.DefaultCentralAuthenticationService.GET_TICKETS_COUNTER, count=0
type=COUNTER, name=org.apereo.cas.DefaultCentralAuthenticationService.GET_TICKET_COUNTER, count=1
type=COUNTER, name=org.apereo.cas.DefaultCentralAuthenticationService.GRANT_PROXY_TICKET_COUNTER, count=0
type=COUNTER, name=org.apereo.cas.DefaultCentralAuthenticationService.GRANT_SERVICE_TICKET_COUNTER, count=1
type=COUNTER, name=org.apereo.cas.DefaultCentralAuthenticationService.VALIDATE_SERVICE_TICKET_COUNTER, count=1
type=COUNTER, name=org.apereo.cas.authentication.PolicyBasedAuthenticationManager.AUTHENTICATE_COUNT, count=2
type=METER, name=org.apereo.cas.DefaultCentralAuthenticationService.CREATE_PROXY_GRANTING_TICKET_METER, count=0, mean_rate=0.0, m1=0.0, m5=0.0, m15=0.0, rate_unit=events/millisecond
type=METER, name=org.apereo.cas.DefaultCentralAuthenticationService.CREATE_TICKET_GRANTING_TICKET_METER, count=2, mean_rate=0.0, m1=0.0, m5=0.0, m15=0.0, rate_unit=events/millisecond
type=METER, name=org.apereo.cas.DefaultCentralAuthenticationService.DELETE_TICKET_METER, count=0, mean_rate=0.0, m1=0.0, m5=0.0, m15=0.0, rate_unit=events/millisecond
type=METER, name=org.apereo.cas.DefaultCentralAuthenticationService.DESTROY_TICKET_GRANTING_TICKET_METER, count=1, mean_rate=0.0, m1=0.0, m5=0.0, m15=0.0, rate_unit=events/millisecond
type=METER, name=org.apereo.cas.DefaultCentralAuthenticationService.GET_TICKETS_METER, count=0, mean_rate=0.0, m1=0.0, m5=0.0, m15=0.0, rate_unit=events/millisecond
type=METER, name=org.apereo.cas.DefaultCentralAuthenticationService.GET_TICKET_METER, count=1, mean_rate=0.0, m1=0.0, m5=0.0, m15=0.0, rate_unit=events/millisecond
type=METER, name=org.apereo.cas.DefaultCentralAuthenticationService.GRANT_PROXY_TICKET_METER, count=0, mean_rate=0.0, m1=0.0, m5=0.0, m15=0.0, rate_unit=events/millisecond
type=METER, name=org.apereo.cas.DefaultCentralAuthenticationService.GRANT_SERVICE_TICKET_METER, count=1, mean_rate=0.0, m1=0.0, m5=0.0, m15=0.0, rate_unit=events/millisecond
type=METER, name=org.apereo.cas.DefaultCentralAuthenticationService.VALIDATE_SERVICE_TICKET_METER, count=1, mean_rate=0.0, m1=0.0, m5=0.0, m15=0.0, rate_unit=events/millisecond
type=METER, name=org.apereo.cas.authentication.PolicyBasedAuthenticationManager.AUTHENTICATE_METER, count=2, mean_rate=0.0, m1=0.0, m5=0.0, m15=0.0, rate_unit=events/millisecond
type=TIMER, name=org.apereo.cas.DefaultCentralAuthenticationService.CREATE_PROXY_GRANTING_TICKET_TIMER, count=0, min=0.0, max=0.0, mean=0.0, stddev=0.0, median=0.0, p75=0.0, p95=0.0, p98=0.0, p99=0.0, p999=0.0, mean_rate=0.0, m1=0.0, m5=0.0, m15=0.0, rate_unit=events/millisecond, duration_unit=milliseconds
type=TIMER, name=org.apereo.cas.DefaultCentralAuthenticationService.CREATE_TICKET_GRANTING_TICKET_TIMER, count=2, min=3.26823, max=47.628967, mean=22.96378103320333, stddev=22.040744745867695, median=3.26823, p75=47.628967, p95=47.628967, p98=47.628967, p99=47.628967, p999=47.628967, mean_rate=0.0, m1=0.0, m5=0.0, m15=0.0, rate_unit=events/millisecond, duration_unit=milliseconds
type=TIMER, name=org.apereo.cas.DefaultCentralAuthenticationService.DELETE_TICKET_TIMER, count=0, min=0.0, max=0.0, mean=0.0, stddev=0.0, median=0.0, p75=0.0, p95=0.0, p98=0.0, p99=0.0, p999=0.0, mean_rate=0.0, m1=0.0, m5=0.0, m15=0.0, rate_unit=events/millisecond, duration_unit=milliseconds
type=TIMER, name=org.apereo.cas.DefaultCentralAuthenticationService.DESTROY_TICKET_GRANTING_TICKET_TIMER, count=1, min=20.89478, max=20.89478, mean=20.89478, stddev=0.0, median=20.89478, p75=20.89478, p95=20.89478, p98=20.89478, p99=20.89478, p999=20.89478, mean_rate=0.0, m1=0.0, m5=0.0, m15=0.0, rate_unit=events/millisecond, duration_unit=milliseconds
type=TIMER, name=org.apereo.cas.DefaultCentralAuthenticationService.GET_TICKETS_TIMER, count=0, min=0.0, max=0.0, mean=0.0, stddev=0.0, median=0.0, p75=0.0, p95=0.0, p98=0.0, p99=0.0, p999=0.0, mean_rate=0.0, m1=0.0, m5=0.0, m15=0.0, rate_unit=events/millisecond, duration_unit=milliseconds
type=TIMER, name=org.apereo.cas.DefaultCentralAuthenticationService.GET_TICKET_TIMER, count=1, min=4.225299, max=4.225299, mean=4.225299, stddev=0.0, median=4.225299, p75=4.225299, p95=4.225299, p98=4.225299, p99=4.225299, p999=4.225299, mean_rate=0.0, m1=0.0, m5=0.0, m15=0.0, rate_unit=events/millisecond, duration_unit=milliseconds
type=TIMER, name=org.apereo.cas.DefaultCentralAuthenticationService.GRANT_PROXY_TICKET_TIMER, count=0, min=0.0, max=0.0, mean=0.0, stddev=0.0, median=0.0, p75=0.0, p95=0.0, p98=0.0, p99=0.0, p999=0.0, mean_rate=0.0, m1=0.0, m5=0.0, m15=0.0, rate_unit=events/millisecond, duration_unit=milliseconds
type=TIMER, name=org.apereo.cas.DefaultCentralAuthenticationService.GRANT_SERVICE_TICKET_TIMER, count=1, min=27.705485, max=27.705485, mean=27.705485, stddev=0.0, median=27.705485, p75=27.705485, p95=27.705485, p98=27.705485, p99=27.705485, p999=27.705485, mean_rate=0.0, m1=0.0, m5=0.0, m15=0.0, rate_unit=events/millisecond, duration_unit=milliseconds
type=TIMER, name=org.apereo.cas.DefaultCentralAuthenticationService.VALIDATE_SERVICE_TICKET_TIMER, count=1, min=25.706023, max=25.706023, mean=25.706023, stddev=0.0, median=25.706023, p75=25.706023, p95=25.706023, p98=25.706023, p99=25.706023, p999=25.706023, mean_rate=0.0, m1=0.0, m5=0.0, m15=0.0, rate_unit=events/millisecond, duration_unit=milliseconds
type=TIMER, name=org.apereo.cas.authentication.PolicyBasedAuthenticationManager.AUTHENTICATE_TIMER, count=2, min=1.986115, max=46.818654, mean=21.72526999039625, stddev=22.255835104509092, median=1.986115, p75=46.818654, p95=46.818654, p98=46.818654, p99=46.818654, p999=46.818654, mean_rate=0.0, m1=0.0, m5=0.0, m15=0.0, rate_unit=events/millisecond, duration_unit=milliseconds
type=GAUGE, name=jvm.fd.usage, value=0.00830078125
type=GAUGE, name=jvm.gc.PS-MarkSweep.count, value=3
type=GAUGE, name=jvm.gc.PS-MarkSweep.time, value=396
type=GAUGE, name=jvm.gc.PS-Scavenge.count, value=23
type=GAUGE, name=jvm.gc.PS-Scavenge.time, value=530
type=GAUGE, name=jvm.memory.heap.committed, value=1643118592
type=GAUGE, name=jvm.memory.heap.init, value=268435456
type=GAUGE, name=jvm.memory.heap.max, value=3817865216
type=GAUGE, name=jvm.memory.heap.usage, value=0.06615852831615521
type=GAUGE, name=jvm.memory.heap.used, value=252584344
type=GAUGE, name=jvm.memory.non-heap.committed, value=132579328
type=GAUGE, name=jvm.memory.non-heap.init, value=2555904
type=GAUGE, name=jvm.memory.non-heap.max, value=-1
type=GAUGE, name=jvm.memory.non-heap.usage, value=-1.2877472E8
type=GAUGE, name=jvm.memory.non-heap.used, value=128774720
type=GAUGE, name=jvm.memory.pools.Code-Cache.committed, value=35586048
type=GAUGE, name=jvm.memory.pools.Code-Cache.init, value=2555904
type=GAUGE, name=jvm.memory.pools.Code-Cache.max, value=251658240
type=GAUGE, name=jvm.memory.pools.Code-Cache.usage, value=0.1391100565592448
type=GAUGE, name=jvm.memory.pools.Code-Cache.used, value=35008192
type=GAUGE, name=jvm.memory.pools.Compressed-Class-Space.committed, value=11010048
type=GAUGE, name=jvm.memory.pools.Compressed-Class-Space.init, value=0
type=GAUGE, name=jvm.memory.pools.Compressed-Class-Space.max, value=1073741824
type=GAUGE, name=jvm.memory.pools.Compressed-Class-Space.usage, value=0.00969676673412323
type=GAUGE, name=jvm.memory.pools.Compressed-Class-Space.used, value=10411824
type=GAUGE, name=jvm.memory.pools.Metaspace.committed, value=85983232
type=GAUGE, name=jvm.memory.pools.Metaspace.init, value=0
type=GAUGE, name=jvm.memory.pools.Metaspace.max, value=-1
type=GAUGE, name=jvm.memory.pools.Metaspace.usage, value=0.9694297604444551
type=GAUGE, name=jvm.memory.pools.Metaspace.used, value=83354704
type=GAUGE, name=jvm.memory.pools.PS-Eden-Space.committed, value=1307574272
type=GAUGE, name=jvm.memory.pools.PS-Eden-Space.init, value=67108864
type=GAUGE, name=jvm.memory.pools.PS-Eden-Space.max, value=1307574272
type=GAUGE, name=jvm.memory.pools.PS-Eden-Space.usage, value=0.0888971422037891
type=GAUGE, name=jvm.memory.pools.PS-Eden-Space.used, value=116239616
type=GAUGE, name=jvm.memory.pools.PS-Eden-Space.used-after-gc, value=0
type=GAUGE, name=jvm.memory.pools.PS-Old-Gen.committed, value=273678336
type=GAUGE, name=jvm.memory.pools.PS-Old-Gen.init, value=179306496
type=GAUGE, name=jvm.memory.pools.PS-Old-Gen.max, value=2863661056
type=GAUGE, name=jvm.memory.pools.PS-Old-Gen.usage, value=0.026010905111809434
type=GAUGE, name=jvm.memory.pools.PS-Old-Gen.used, value=74486416
type=GAUGE, name=jvm.memory.pools.PS-Old-Gen.used-after-gc, value=66448024
type=GAUGE, name=jvm.memory.pools.PS-Survivor-Space.committed, value=61865984
type=GAUGE, name=jvm.memory.pools.PS-Survivor-Space.init, value=11010048
type=GAUGE, name=jvm.memory.pools.PS-Survivor-Space.max, value=61865984
type=GAUGE, name=jvm.memory.pools.PS-Survivor-Space.usage, value=0.9998759900109243
type=GAUGE, name=jvm.memory.pools.PS-Survivor-Space.used, value=61858312
type=GAUGE, name=jvm.memory.pools.PS-Survivor-Space.used-after-gc, value=61858312
type=GAUGE, name=jvm.memory.total.committed, value=1775697920
type=GAUGE, name=jvm.memory.total.init, value=270991360
type=GAUGE, name=jvm.memory.total.max, value=3817865215
type=GAUGE, name=jvm.memory.total.used, value=381363928
type=GAUGE, name=thread-states.blocked.count, value=0
type=GAUGE, name=thread-states.count, value=54
type=GAUGE, name=thread-states.daemon.count, value=40
type=GAUGE, name=thread-states.deadlock.count, value=0
type=GAUGE, name=thread-states.deadlocks, value=[]
type=GAUGE, name=thread-states.new.count, value=0
type=GAUGE, name=thread-states.runnable.count, value=12
type=GAUGE, name=thread-states.terminated.count, value=0
type=GAUGE, name=thread-states.timed_waiting.count, value=14
type=GAUGE, name=thread-states.waiting.count, value=28
type=COUNTER, name=org.apereo.cas.DefaultCentralAuthenticationService.CREATE_PROXY_GRANTING_TICKET_COUNTER, count=0
type=COUNTER, name=org.apereo.cas.DefaultCentralAuthenticationService.CREATE_TICKET_GRANTING_TICKET_COUNTER, count=2
type=COUNTER, name=org.apereo.cas.DefaultCentralAuthenticationService.DELETE_TICKET_COUNTER, count=0
type=COUNTER, name=org.apereo.cas.DefaultCentralAuthenticationService.DESTROY_TICKET_GRANTING_TICKET_COUNTER, count=1
type=COUNTER, name=org.apereo.cas.DefaultCentralAuthenticationService.GET_TICKETS_COUNTER, count=0
type=COUNTER, name=org.apereo.cas.DefaultCentralAuthenticationService.GET_TICKET_COUNTER, count=1
type=COUNTER, name=org.apereo.cas.DefaultCentralAuthenticationService.GRANT_PROXY_TICKET_COUNTER, count=0
type=COUNTER, name=org.apereo.cas.DefaultCentralAuthenticationService.GRANT_SERVICE_TICKET_COUNTER, count=1
type=COUNTER, name=org.apereo.cas.DefaultCentralAuthenticationService.VALIDATE_SERVICE_TICKET_COUNTER, count=1
type=COUNTER, name=org.apereo.cas.authentication.PolicyBasedAuthenticationManager.AUTHENTICATE_COUNT, count=2
type=METER, name=org.apereo.cas.DefaultCentralAuthenticationService.CREATE_PROXY_GRANTING_TICKET_METER, count=0, mean_rate=0.0, m1=0.0, m5=0.0, m15=0.0, rate_unit=events/millisecond
type=METER, name=org.apereo.cas.DefaultCentralAuthenticationService.CREATE_TICKET_GRANTING_TICKET_METER, count=2, mean_rate=0.0, m1=0.0, m5=0.0, m15=0.0, rate_unit=events/millisecond
type=METER, name=org.apereo.cas.DefaultCentralAuthenticationService.DELETE_TICKET_METER, count=0, mean_rate=0.0, m1=0.0, m5=0.0, m15=0.0, rate_unit=events/millisecond
type=METER, name=org.apereo.cas.DefaultCentralAuthenticationService.DESTROY_TICKET_GRANTING_TICKET_METER, count=1, mean_rate=0.0, m1=0.0, m5=0.0, m15=0.0, rate_unit=events/millisecond
type=METER, name=org.apereo.cas.DefaultCentralAuthenticationService.GET_TICKETS_METER, count=0, mean_rate=0.0, m1=0.0, m5=0.0, m15=0.0, rate_unit=events/millisecond
type=METER, name=org.apereo.cas.DefaultCentralAuthenticationService.GET_TICKET_METER, count=1, mean_rate=0.0, m1=0.0, m5=0.0, m15=0.0, rate_unit=events/millisecond
type=METER, name=org.apereo.cas.DefaultCentralAuthenticationService.GRANT_PROXY_TICKET_METER, count=0, mean_rate=0.0, m1=0.0, m5=0.0, m15=0.0, rate_unit=events/millisecond
type=METER, name=org.apereo.cas.DefaultCentralAuthenticationService.GRANT_SERVICE_TICKET_METER, count=1, mean_rate=0.0, m1=0.0, m5=0.0, m15=0.0, rate_unit=events/millisecond
type=METER, name=org.apereo.cas.DefaultCentralAuthenticationService.VALIDATE_SERVICE_TICKET_METER, count=1, mean_rate=0.0, m1=0.0, m5=0.0, m15=0.0, rate_unit=events/millisecond
type=METER, name=org.apereo.cas.authentication.PolicyBasedAuthenticationManager.AUTHENTICATE_METER, count=2, mean_rate=0.0, m1=0.0, m5=0.0, m15=0.0, rate_unit=events/millisecond
type=TIMER, name=org.apereo.cas.DefaultCentralAuthenticationService.CREATE_PROXY_GRANTING_TICKET_TIMER, count=0, min=0.0, max=0.0, mean=0.0, stddev=0.0, median=0.0, p75=0.0, p95=0.0, p98=0.0, p99=0.0, p999=0.0, mean_rate=0.0, m1=0.0, m5=0.0, m15=0.0, rate_unit=events/millisecond, duration_unit=milliseconds
type=TIMER, name=org.apereo.cas.DefaultCentralAuthenticationService.CREATE_TICKET_GRANTING_TICKET_TIMER, count=2, min=3.26823, max=47.628967, mean=22.96378103320333, stddev=22.040744745867695, median=3.26823, p75=47.628967, p95=47.628967, p98=47.628967, p99=47.628967, p999=47.628967, mean_rate=0.0, m1=0.0, m5=0.0, m15=0.0, rate_unit=events/millisecond, duration_unit=milliseconds
type=TIMER, name=org.apereo.cas.DefaultCentralAuthenticationService.DELETE_TICKET_TIMER, count=0, min=0.0, max=0.0, mean=0.0, stddev=0.0, median=0.0, p75=0.0, p95=0.0, p98=0.0, p99=0.0, p999=0.0, mean_rate=0.0, m1=0.0, m5=0.0, m15=0.0, rate_unit=events/millisecond, duration_unit=milliseconds
type=TIMER, name=org.apereo.cas.DefaultCentralAuthenticationService.DESTROY_TICKET_GRANTING_TICKET_TIMER, count=1, min=20.89478, max=20.89478, mean=20.89478, stddev=0.0, median=20.89478, p75=20.89478, p95=20.89478, p98=20.89478, p99=20.89478, p999=20.89478, mean_rate=0.0, m1=0.0, m5=0.0, m15=0.0, rate_unit=events/millisecond, duration_unit=milliseconds
type=TIMER, name=org.apereo.cas.DefaultCentralAuthenticationService.GET_TICKETS_TIMER, count=0, min=0.0, max=0.0, mean=0.0, stddev=0.0, median=0.0, p75=0.0, p95=0.0, p98=0.0, p99=0.0, p999=0.0, mean_rate=0.0, m1=0.0, m5=0.0, m15=0.0, rate_unit=events/millisecond, duration_unit=milliseconds
type=TIMER, name=org.apereo.cas.DefaultCentralAuthenticationService.GET_TICKET_TIMER, count=1, min=4.225299, max=4.225299, mean=4.225299, stddev=0.0, median=4.225299, p75=4.225299, p95=4.225299, p98=4.225299, p99=4.225299, p999=4.225299, mean_rate=0.0, m1=0.0, m5=0.0, m15=0.0, rate_unit=events/millisecond, duration_unit=milliseconds
type=TIMER, name=org.apereo.cas.DefaultCentralAuthenticationService.GRANT_PROXY_TICKET_TIMER, count=0, min=0.0, max=0.0, mean=0.0, stddev=0.0, median=0.0, p75=0.0, p95=0.0, p98=0.0, p99=0.0, p999=0.0, mean_rate=0.0, m1=0.0, m5=0.0, m15=0.0, rate_unit=events/millisecond, duration_unit=milliseconds
type=TIMER, name=org.apereo.cas.DefaultCentralAuthenticationService.GRANT_SERVICE_TICKET_TIMER, count=1, min=27.705485, max=27.705485, mean=27.705485, stddev=0.0, median=27.705485, p75=27.705485, p95=27.705485, p98=27.705485, p99=27.705485, p999=27.705485, mean_rate=0.0, m1=0.0, m5=0.0, m15=0.0, rate_unit=events/millisecond, duration_unit=milliseconds
type=TIMER, name=org.apereo.cas.DefaultCentralAuthenticationService.VALIDATE_SERVICE_TICKET_TIMER, count=1, min=25.706023, max=25.706023, mean=25.706023, stddev=0.0, median=25.706023, p75=25.706023, p95=25.706023, p98=25.706023, p99=25.706023, p999=25.706023, mean_rate=0.0, m1=0.0, m5=0.0, m15=0.0, rate_unit=events/millisecond, duration_unit=milliseconds
type=TIMER, name=org.apereo.cas.authentication.PolicyBasedAuthenticationManager.AUTHENTICATE_TIMER, count=2, min=1.986115, max=46.818654, mean=21.72526999039625, stddev=22.255835104509092, median=1.986115, p75=46.818654, p95=46.818654, p98=46.818654, p99=46.818654, p999=46.818654, mean_rate=0.0, m1=0.0, m5=0.0, m15=0.0, rate_unit=events/millisecond, duration_unit=milliseconds
type=GAUGE, name=jvm.fd.usage, value=0.00830078125
type=GAUGE, name=jvm.gc.PS-MarkSweep.count, value=3
type=GAUGE, name=jvm.gc.PS-MarkSweep.time, value=396
type=GAUGE, name=jvm.gc.PS-Scavenge.count, value=23
type=GAUGE, name=jvm.gc.PS-Scavenge.time, value=530
type=GAUGE, name=jvm.memory.heap.committed, value=1643118592
type=GAUGE, name=jvm.memory.heap.init, value=268435456
type=GAUGE, name=jvm.memory.heap.max, value=3817865216
type=GAUGE, name=jvm.memory.heap.usage, value=0.06684350378072645
type=GAUGE, name=jvm.memory.heap.used, value=255199488
type=GAUGE, name=jvm.memory.non-heap.committed, value=132579328
type=GAUGE, name=jvm.memory.non-heap.init, value=2555904
type=GAUGE, name=jvm.memory.non-heap.max, value=-1
type=GAUGE, name=jvm.memory.non-heap.usage, value=-1.288668E8
type=GAUGE, name=jvm.memory.non-heap.used, value=128866800
type=GAUGE, name=jvm.memory.pools.Code-Cache.committed, value=35586048
type=GAUGE, name=jvm.memory.pools.Code-Cache.init, value=2555904
type=GAUGE, name=jvm.memory.pools.Code-Cache.max, value=251658240
type=GAUGE, name=jvm.memory.pools.Code-Cache.usage, value=0.13944854736328124
type=GAUGE, name=jvm.memory.pools.Code-Cache.used, value=35093376
type=GAUGE, name=jvm.memory.pools.Compressed-Class-Space.committed, value=11010048
type=GAUGE, name=jvm.memory.pools.Compressed-Class-Space.init, value=0
type=GAUGE, name=jvm.memory.pools.Compressed-Class-Space.max, value=1073741824
type=GAUGE, name=jvm.memory.pools.Compressed-Class-Space.usage, value=0.00969722867012024
type=GAUGE, name=jvm.memory.pools.Compressed-Class-Space.used, value=10412320
type=GAUGE, name=jvm.memory.pools.Metaspace.committed, value=85983232
type=GAUGE, name=jvm.memory.pools.Metaspace.init, value=0
type=GAUGE, name=jvm.memory.pools.Metaspace.max, value=-1
type=GAUGE, name=jvm.memory.pools.Metaspace.usage, value=0.9695163819848037
type=GAUGE, name=jvm.memory.pools.Metaspace.used, value=83362152
type=GAUGE, name=jvm.memory.pools.PS-Eden-Space.committed, value=1307574272
type=GAUGE, name=jvm.memory.pools.PS-Eden-Space.init, value=67108864
type=GAUGE, name=jvm.memory.pools.PS-Eden-Space.max, value=1307574272
type=GAUGE, name=jvm.memory.pools.PS-Eden-Space.usage, value=0.09089713872865189
type=GAUGE, name=jvm.memory.pools.PS-Eden-Space.used, value=118854760
type=GAUGE, name=jvm.memory.pools.PS-Eden-Space.used-after-gc, value=0
type=GAUGE, name=jvm.memory.pools.PS-Old-Gen.committed, value=273678336
type=GAUGE, name=jvm.memory.pools.PS-Old-Gen.init, value=179306496
type=GAUGE, name=jvm.memory.pools.PS-Old-Gen.max, value=2863661056
type=GAUGE, name=jvm.memory.pools.PS-Old-Gen.usage, value=0.026010905111809434
type=GAUGE, name=jvm.memory.pools.PS-Old-Gen.used, value=74486416
type=GAUGE, name=jvm.memory.pools.PS-Old-Gen.used-after-gc, value=66448024
type=GAUGE, name=jvm.memory.pools.PS-Survivor-Space.committed, value=61865984
type=GAUGE, name=jvm.memory.pools.PS-Survivor-Space.init, value=11010048
type=GAUGE, name=jvm.memory.pools.PS-Survivor-Space.max, value=61865984
type=GAUGE, name=jvm.memory.pools.PS-Survivor-Space.usage, value=0.9998759900109243
type=GAUGE, name=jvm.memory.pools.PS-Survivor-Space.used, value=61858312
type=GAUGE, name=jvm.memory.pools.PS-Survivor-Space.used-after-gc, value=61858312
type=GAUGE, name=jvm.memory.total.committed, value=1775697920
type=GAUGE, name=jvm.memory.total.init, value=270991360
type=GAUGE, name=jvm.memory.total.max, value=3817865215
type=GAUGE, name=jvm.memory.total.used, value=384085392
type=GAUGE, name=thread-states.blocked.count, value=0
type=GAUGE, name=thread-states.count, value=54
type=GAUGE, name=thread-states.daemon.count, value=40
type=GAUGE, name=thread-states.deadlock.count, value=0
type=GAUGE, name=thread-states.deadlocks, value=[]
type=GAUGE, name=thread-states.new.count, value=0
type=GAUGE, name=thread-states.runnable.count, value=12
type=GAUGE, name=thread-states.terminated.count, value=0
type=GAUGE, name=thread-states.timed_waiting.count, value=14
type=GAUGE, name=thread-states.waiting.count, value=28
type=COUNTER, name=org.apereo.cas.DefaultCentralAuthenticationService.CREATE_PROXY_GRANTING_TICKET_COUNTER, count=0
type=COUNTER, name=org.apereo.cas.DefaultCentralAuthenticationService.CREATE_TICKET_GRANTING_TICKET_COUNTER, count=2
type=COUNTER, name=org.apereo.cas.DefaultCentralAuthenticationService.DELETE_TICKET_COUNTER, count=0
type=COUNTER, name=org.apereo.cas.DefaultCentralAuthenticationService.DESTROY_TICKET_GRANTING_TICKET_COUNTER, count=1
type=COUNTER, name=org.apereo.cas.DefaultCentralAuthenticationService.GET_TICKETS_COUNTER, count=0
type=COUNTER, name=org.apereo.cas.DefaultCentralAuthenticationService.GET_TICKET_COUNTER, count=1
type=COUNTER, name=org.apereo.cas.DefaultCentralAuthenticationService.GRANT_PROXY_TICKET_COUNTER, count=0
type=COUNTER, name=org.apereo.cas.DefaultCentralAuthenticationService.GRANT_SERVICE_TICKET_COUNTER, count=1
type=COUNTER, name=org.apereo.cas.DefaultCentralAuthenticationService.VALIDATE_SERVICE_TICKET_COUNTER, count=1
type=COUNTER, name=org.apereo.cas.authentication.PolicyBasedAuthenticationManager.AUTHENTICATE_COUNT, count=2
type=METER, name=org.apereo.cas.DefaultCentralAuthenticationService.CREATE_PROXY_GRANTING_TICKET_METER, count=0, mean_rate=0.0, m1=0.0, m5=0.0, m15=0.0, rate_unit=events/millisecond
type=METER, name=org.apereo.cas.DefaultCentralAuthenticationService.CREATE_TICKET_GRANTING_TICKET_METER, count=2, mean_rate=0.0, m1=0.0, m5=0.0, m15=0.0, rate_unit=events/millisecond
type=METER, name=org.apereo.cas.DefaultCentralAuthenticationService.DELETE_TICKET_METER, count=0, mean_rate=0.0, m1=0.0, m5=0.0, m15=0.0, rate_unit=events/millisecond
type=METER, name=org.apereo.cas.DefaultCentralAuthenticationService.DESTROY_TICKET_GRANTING_TICKET_METER, count=1, mean_rate=0.0, m1=0.0, m5=0.0, m15=0.0, rate_unit=events/millisecond
type=METER, name=org.apereo.cas.DefaultCentralAuthenticationService.GET_TICKETS_METER, count=0, mean_rate=0.0, m1=0.0, m5=0.0, m15=0.0, rate_unit=events/millisecond
type=METER, name=org.apereo.cas.DefaultCentralAuthenticationService.GET_TICKET_METER, count=1, mean_rate=0.0, m1=0.0, m5=0.0, m15=0.0, rate_unit=events/millisecond
type=METER, name=org.apereo.cas.DefaultCentralAuthenticationService.GRANT_PROXY_TICKET_METER, count=0, mean_rate=0.0, m1=0.0, m5=0.0, m15=0.0, rate_unit=events/millisecond
type=METER, name=org.apereo.cas.DefaultCentralAuthenticationService.GRANT_SERVICE_TICKET_METER, count=1, mean_rate=0.0, m1=0.0, m5=0.0, m15=0.0, rate_unit=events/millisecond
type=METER, name=org.apereo.cas.DefaultCentralAuthenticationService.VALIDATE_SERVICE_TICKET_METER, count=1, mean_rate=0.0, m1=0.0, m5=0.0, m15=0.0, rate_unit=events/millisecond
type=METER, name=org.apereo.cas.authentication.PolicyBasedAuthenticationManager.AUTHENTICATE_METER, count=2, mean_rate=0.0, m1=0.0, m5=0.0, m15=0.0, rate_unit=events/millisecond
type=TIMER, name=org.apereo.cas.DefaultCentralAuthenticationService.CREATE_PROXY_GRANTING_TICKET_TIMER, count=0, min=0.0, max=0.0, mean=0.0, stddev=0.0, median=0.0, p75=0.0, p95=0.0, p98=0.0, p99=0.0, p999=0.0, mean_rate=0.0, m1=0.0, m5=0.0, m15=0.0, rate_unit=events/millisecond, duration_unit=milliseconds
type=TIMER, name=org.apereo.cas.DefaultCentralAuthenticationService.CREATE_TICKET_GRANTING_TICKET_TIMER, count=2, min=3.26823, max=47.628967, mean=22.96378103320333, stddev=22.040744745867695, median=3.26823, p75=47.628967, p95=47.628967, p98=47.628967, p99=47.628967, p999=47.628967, mean_rate=0.0, m1=0.0, m5=0.0, m15=0.0, rate_unit=events/millisecond, duration_unit=milliseconds
type=TIMER, name=org.apereo.cas.DefaultCentralAuthenticationService.DELETE_TICKET_TIMER, count=0, min=0.0, max=0.0, mean=0.0, stddev=0.0, median=0.0, p75=0.0, p95=0.0, p98=0.0, p99=0.0, p999=0.0, mean_rate=0.0, m1=0.0, m5=0.0, m15=0.0, rate_unit=events/millisecond, duration_unit=milliseconds
type=TIMER, name=org.apereo.cas.DefaultCentralAuthenticationService.DESTROY_TICKET_GRANTING_TICKET_TIMER, count=1, min=20.89478, max=20.89478, mean=20.89478, stddev=0.0, median=20.89478, p75=20.89478, p95=20.89478, p98=20.89478, p99=20.89478, p999=20.89478, mean_rate=0.0, m1=0.0, m5=0.0, m15=0.0, rate_unit=events/millisecond, duration_unit=milliseconds
type=TIMER, name=org.apereo.cas.DefaultCentralAuthenticationService.GET_TICKETS_TIMER, count=0, min=0.0, max=0.0, mean=0.0, stddev=0.0, median=0.0, p75=0.0, p95=0.0, p98=0.0, p99=0.0, p999=0.0, mean_rate=0.0, m1=0.0, m5=0.0, m15=0.0, rate_unit=events/millisecond, duration_unit=milliseconds
type=TIMER, name=org.apereo.cas.DefaultCentralAuthenticationService.GET_TICKET_TIMER, count=1, min=4.225299, max=4.225299, mean=4.225299, stddev=0.0, median=4.225299, p75=4.225299, p95=4.225299, p98=4.225299, p99=4.225299, p999=4.225299, mean_rate=0.0, m1=0.0, m5=0.0, m15=0.0, rate_unit=events/millisecond, duration_unit=milliseconds
type=TIMER, name=org.apereo.cas.DefaultCentralAuthenticationService.GRANT_PROXY_TICKET_TIMER, count=0, min=0.0, max=0.0, mean=0.0, stddev=0.0, median=0.0, p75=0.0, p95=0.0, p98=0.0, p99=0.0, p999=0.0, mean_rate=0.0, m1=0.0, m5=0.0, m15=0.0, rate_unit=events/millisecond, duration_unit=milliseconds
type=TIMER, name=org.apereo.cas.DefaultCentralAuthenticationService.GRANT_SERVICE_TICKET_TIMER, count=1, min=27.705485, max=27.705485, mean=27.705485, stddev=0.0, median=27.705485, p75=27.705485, p95=27.705485, p98=27.705485, p99=27.705485, p999=27.705485, mean_rate=0.0, m1=0.0, m5=0.0, m15=0.0, rate_unit=events/millisecond, duration_unit=milliseconds
type=TIMER, name=org.apereo.cas.DefaultCentralAuthenticationService.VALIDATE_SERVICE_TICKET_TIMER, count=1, min=25.706023, max=25.706023, mean=25.706023, stddev=0.0, median=25.706023, p75=25.706023, p95=25.706023, p98=25.706023, p99=25.706023, p999=25.706023, mean_rate=0.0, m1=0.0, m5=0.0, m15=0.0, rate_unit=events/millisecond, duration_unit=milliseconds
type=TIMER, name=org.apereo.cas.authentication.PolicyBasedAuthenticationManager.AUTHENTICATE_TIMER, count=2, min=1.986115, max=46.818654, mean=21.72526999039625, stddev=22.255835104509092, median=1.986115, p75=46.818654, p95=46.818654, p98=46.818654, p99=46.818654, p999=46.818654, mean_rate=0.0, m1=0.0, m5=0.0, m15=0.0, rate_unit=events/millisecond, duration_unit=milliseconds
type=GAUGE, name=jvm.fd.usage, value=0.00830078125
type=GAUGE, name=jvm.gc.PS-MarkSweep.count, value=3
type=GAUGE, name=jvm.gc.PS-MarkSweep.time, value=396
type=GAUGE, name=jvm.gc.PS-Scavenge.count, value=23
type=GAUGE, name=jvm.gc.PS-Scavenge.time, value=530
type=GAUGE, name=jvm.memory.heap.committed, value=1643118592
type=GAUGE, name=jvm.memory.heap.init, value=268435456
type=GAUGE, name=jvm.memory.heap.max, value=3817865216
type=GAUGE, name=jvm.memory.heap.usage, value=0.06858460453308994
type=GAUGE, name=jvm.memory.heap.used, value=261846776
type=GAUGE, name=jvm.memory.non-heap.committed, value=132579328
type=GAUGE, name=jvm.memory.non-heap.init, value=2555904
type=GAUGE, name=jvm.memory.non-heap.max, value=-1
type=GAUGE, name=jvm.memory.non-heap.usage, value=-1.28984264E8
type=GAUGE, name=jvm.memory.non-heap.used, value=128984264
type=GAUGE, name=jvm.memory.pools.Code-Cache.committed, value=35586048
type=GAUGE, name=jvm.memory.pools.Code-Cache.init, value=2555904
type=GAUGE, name=jvm.memory.pools.Code-Cache.max, value=251658240
type=GAUGE, name=jvm.memory.pools.Code-Cache.usage, value=0.13987960815429687
type=GAUGE, name=jvm.memory.pools.Code-Cache.used, value=35201856
type=GAUGE, name=jvm.memory.pools.Compressed-Class-Space.committed, value=11010048
type=GAUGE, name=jvm.memory.pools.Compressed-Class-Space.init, value=0
type=GAUGE, name=jvm.memory.pools.Compressed-Class-Space.max, value=1073741824
type=GAUGE, name=jvm.memory.pools.Compressed-Class-Space.usage, value=0.00969722867012024
type=GAUGE, name=jvm.memory.pools.Compressed-Class-Space.used, value=10412320
type=GAUGE, name=jvm.memory.pools.Metaspace.committed, value=85983232
type=GAUGE, name=jvm.memory.pools.Metaspace.init, value=0
type=GAUGE, name=jvm.memory.pools.Metaspace.max, value=-1
type=GAUGE, name=jvm.memory.pools.Metaspace.usage, value=0.9696086790503525
type=GAUGE, name=jvm.memory.pools.Metaspace.used, value=83370088
type=GAUGE, name=jvm.memory.pools.PS-Eden-Space.committed, value=1307574272
type=GAUGE, name=jvm.memory.pools.PS-Eden-Space.init, value=67108864
type=GAUGE, name=jvm.memory.pools.PS-Eden-Space.max, value=1307574272
type=GAUGE, name=jvm.memory.pools.PS-Eden-Space.usage, value=0.09598081782997946
type=GAUGE, name=jvm.memory.pools.PS-Eden-Space.used, value=125502048
type=GAUGE, name=jvm.memory.pools.PS-Eden-Space.used-after-gc, value=0
type=GAUGE, name=jvm.memory.pools.PS-Old-Gen.committed, value=273678336
type=GAUGE, name=jvm.memory.pools.PS-Old-Gen.init, value=179306496
type=GAUGE, name=jvm.memory.pools.PS-Old-Gen.max, value=2863661056
type=GAUGE, name=jvm.memory.pools.PS-Old-Gen.usage, value=0.026010905111809434
type=GAUGE, name=jvm.memory.pools.PS-Old-Gen.used, value=74486416
type=GAUGE, name=jvm.memory.pools.PS-Old-Gen.used-after-gc, value=66448024
type=GAUGE, name=jvm.memory.pools.PS-Survivor-Space.committed, value=61865984
type=GAUGE, name=jvm.memory.pools.PS-Survivor-Space.init, value=11010048
type=GAUGE, name=jvm.memory.pools.PS-Survivor-Space.max, value=61865984
type=GAUGE, name=jvm.memory.pools.PS-Survivor-Space.usage, value=0.9998759900109243
type=GAUGE, name=jvm.memory.pools.PS-Survivor-Space.used, value=61858312
type=GAUGE, name=jvm.memory.pools.PS-Survivor-Space.used-after-gc, value=61858312
type=GAUGE, name=jvm.memory.total.committed, value=1775697920
type=GAUGE, name=jvm.memory.total.init, value=270991360
type=GAUGE, name=jvm.memory.total.max, value=3817865215
type=GAUGE, name=jvm.memory.total.used, value=390837480
type=GAUGE, name=thread-states.blocked.count, value=0
type=GAUGE, name=thread-states.count, value=54
type=GAUGE, name=thread-states.daemon.count, value=40
type=GAUGE, name=thread-states.deadlock.count, value=0
type=GAUGE, name=thread-states.deadlocks, value=[]
type=GAUGE, name=thread-states.new.count, value=0
type=GAUGE, name=thread-states.runnable.count, value=12
type=GAUGE, name=thread-states.terminated.count, value=0
type=GAUGE, name=thread-states.timed_waiting.count, value=13
type=GAUGE, name=thread-states.waiting.count, value=29
type=COUNTER, name=org.apereo.cas.DefaultCentralAuthenticationService.CREATE_PROXY_GRANTING_TICKET_COUNTER, count=0
type=COUNTER, name=org.apereo.cas.DefaultCentralAuthenticationService.CREATE_TICKET_GRANTING_TICKET_COUNTER, count=2
type=COUNTER, name=org.apereo.cas.DefaultCentralAuthenticationService.DELETE_TICKET_COUNTER, count=0
type=COUNTER, name=org.apereo.cas.DefaultCentralAuthenticationService.DESTROY_TICKET_GRANTING_TICKET_COUNTER, count=1
type=COUNTER, name=org.apereo.cas.DefaultCentralAuthenticationService.GET_TICKETS_COUNTER, count=0
type=COUNTER, name=org.apereo.cas.DefaultCentralAuthenticationService.GET_TICKET_COUNTER, count=1
type=COUNTER, name=org.apereo.cas.DefaultCentralAuthenticationService.GRANT_PROXY_TICKET_COUNTER, count=0
type=COUNTER, name=org.apereo.cas.DefaultCentralAuthenticationService.GRANT_SERVICE_TICKET_COUNTER, count=1
type=COUNTER, name=org.apereo.cas.DefaultCentralAuthenticationService.VALIDATE_SERVICE_TICKET_COUNTER, count=1
type=COUNTER, name=org.apereo.cas.authentication.PolicyBasedAuthenticationManager.AUTHENTICATE_COUNT, count=2
type=METER, name=org.apereo.cas.DefaultCentralAuthenticationService.CREATE_PROXY_GRANTING_TICKET_METER, count=0, mean_rate=0.0, m1=0.0, m5=0.0, m15=0.0, rate_unit=events/millisecond
type=METER, name=org.apereo.cas.DefaultCentralAuthenticationService.CREATE_TICKET_GRANTING_TICKET_METER, count=2, mean_rate=0.0, m1=0.0, m5=0.0, m15=0.0, rate_unit=events/millisecond
type=METER, name=org.apereo.cas.DefaultCentralAuthenticationService.DELETE_TICKET_METER, count=0, mean_rate=0.0, m1=0.0, m5=0.0, m15=0.0, rate_unit=events/millisecond
type=METER, name=org.apereo.cas.DefaultCentralAuthenticationService.DESTROY_TICKET_GRANTING_TICKET_METER, count=1, mean_rate=0.0, m1=0.0, m5=0.0, m15=0.0, rate_unit=events/millisecond
type=METER, name=org.apereo.cas.DefaultCentralAuthenticationService.GET_TICKETS_METER, count=0, mean_rate=0.0, m1=0.0, m5=0.0, m15=0.0, rate_unit=events/millisecond
type=METER, name=org.apereo.cas.DefaultCentralAuthenticationService.GET_TICKET_METER, count=1, mean_rate=0.0, m1=0.0, m5=0.0, m15=0.0, rate_unit=events/millisecond
type=METER, name=org.apereo.cas.DefaultCentralAuthenticationService.GRANT_PROXY_TICKET_METER, count=0, mean_rate=0.0, m1=0.0, m5=0.0, m15=0.0, rate_unit=events/millisecond
type=METER, name=org.apereo.cas.DefaultCentralAuthenticationService.GRANT_SERVICE_TICKET_METER, count=1, mean_rate=0.0, m1=0.0, m5=0.0, m15=0.0, rate_unit=events/millisecond
type=METER, name=org.apereo.cas.DefaultCentralAuthenticationService.VALIDATE_SERVICE_TICKET_METER, count=1, mean_rate=0.0, m1=0.0, m5=0.0, m15=0.0, rate_unit=events/millisecond
type=METER, name=org.apereo.cas.authentication.PolicyBasedAuthenticationManager.AUTHENTICATE_METER, count=2, mean_rate=0.0, m1=0.0, m5=0.0, m15=0.0, rate_unit=events/millisecond
type=TIMER, name=org.apereo.cas.DefaultCentralAuthenticationService.CREATE_PROXY_GRANTING_TICKET_TIMER, count=0, min=0.0, max=0.0, mean=0.0, stddev=0.0, median=0.0, p75=0.0, p95=0.0, p98=0.0, p99=0.0, p999=0.0, mean_rate=0.0, m1=0.0, m5=0.0, m15=0.0, rate_unit=events/millisecond, duration_unit=milliseconds
type=TIMER, name=org.apereo.cas.DefaultCentralAuthenticationService.CREATE_TICKET_GRANTING_TICKET_TIMER, count=2, min=3.26823, max=47.628967, mean=22.96378103320333, stddev=22.040744745867695, median=3.26823, p75=47.628967, p95=47.628967, p98=47.628967, p99=47.628967, p999=47.628967, mean_rate=0.0, m1=0.0, m5=0.0, m15=0.0, rate_unit=events/millisecond, duration_unit=milliseconds
type=TIMER, name=org.apereo.cas.DefaultCentralAuthenticationService.DELETE_TICKET_TIMER, count=0, min=0.0, max=0.0, mean=0.0, stddev=0.0, median=0.0, p75=0.0, p95=0.0, p98=0.0, p99=0.0, p999=0.0, mean_rate=0.0, m1=0.0, m5=0.0, m15=0.0, rate_unit=events/millisecond, duration_unit=milliseconds
type=TIMER, name=org.apereo.cas.DefaultCentralAuthenticationService.DESTROY_TICKET_GRANTING_TICKET_TIMER, count=1, min=20.89478, max=20.89478, mean=20.89478, stddev=0.0, median=20.89478, p75=20.89478, p95=20.89478, p98=20.89478, p99=20.89478, p999=20.89478, mean_rate=0.0, m1=0.0, m5=0.0, m15=0.0, rate_unit=events/millisecond, duration_unit=milliseconds
type=TIMER, name=org.apereo.cas.DefaultCentralAuthenticationService.GET_TICKETS_TIMER, count=0, min=0.0, max=0.0, mean=0.0, stddev=0.0, median=0.0, p75=0.0, p95=0.0, p98=0.0, p99=0.0, p999=0.0, mean_rate=0.0, m1=0.0, m5=0.0, m15=0.0, rate_unit=events/millisecond, duration_unit=milliseconds
type=TIMER, name=org.apereo.cas.DefaultCentralAuthenticationService.GET_TICKET_TIMER, count=1, min=4.225299, max=4.225299, mean=4.225299, stddev=0.0, median=4.225299, p75=4.225299, p95=4.225299, p98=4.225299, p99=4.225299, p999=4.225299, mean_rate=0.0, m1=0.0, m5=0.0, m15=0.0, rate_unit=events/millisecond, duration_unit=milliseconds
type=TIMER, name=org.apereo.cas.DefaultCentralAuthenticationService.GRANT_PROXY_TICKET_TIMER, count=0, min=0.0, max=0.0, mean=0.0, stddev=0.0, median=0.0, p75=0.0, p95=0.0, p98=0.0, p99=0.0, p999=0.0, mean_rate=0.0, m1=0.0, m5=0.0, m15=0.0, rate_unit=events/millisecond, duration_unit=milliseconds
type=TIMER, name=org.apereo.cas.DefaultCentralAuthenticationService.GRANT_SERVICE_TICKET_TIMER, count=1, min=27.705485, max=27.705485, mean=27.705485, stddev=0.0, median=27.705485, p75=27.705485, p95=27.705485, p98=27.705485, p99=27.705485, p999=27.705485, mean_rate=0.0, m1=0.0, m5=0.0, m15=0.0, rate_unit=events/millisecond, duration_unit=milliseconds
type=TIMER, name=org.apereo.cas.DefaultCentralAuthenticationService.VALIDATE_SERVICE_TICKET_TIMER, count=1, min=25.706023, max=25.706023, mean=25.706023, stddev=0.0, median=25.706023, p75=25.706023, p95=25.706023, p98=25.706023, p99=25.706023, p999=25.706023, mean_rate=0.0, m1=0.0, m5=0.0, m15=0.0, rate_unit=events/millisecond, duration_unit=milliseconds
type=TIMER, name=org.apereo.cas.authentication.PolicyBasedAuthenticationManager.AUTHENTICATE_TIMER, count=2, min=1.986115, max=46.818654, mean=21.72526999039625, stddev=22.255835104509092, median=1.986115, p75=46.818654, p95=46.818654, p98=46.818654, p99=46.818654, p999=46.818654, mean_rate=0.0, m1=0.0, m5=0.0, m15=0.0, rate_unit=events/millisecond, duration_unit=milliseconds
